
*** Running vivado
    with args -log Ece253_BlockDesign_axi_gpio_0_3.vds -m64 -product Vivado -mode batch -messageDb vivado.pb -notrace -source Ece253_BlockDesign_axi_gpio_0_3.tcl


****** Vivado v2022.1 (64-bit)
  **** SW Build 3526262 on Mon Apr 18 15:47:01 MDT 2022
  **** IP Build 3524634 on Mon Apr 18 20:55:01 MDT 2022
    ** Copyright 1986-2022 Xilinx, Inc. All Rights Reserved.

source Ece253_BlockDesign_axi_gpio_0_3.tcl -notrace
INFO: [IP_Flow 19-234] Refreshing IP repositories
INFO: [IP_Flow 19-1700] Loaded user IP repository '/home/parallels/A7T100_Vivado/lab_files_2024/vivado/seven/ip_repo'.
INFO: [IP_Flow 19-2313] Loaded Vivado IP repository '/opt/Xilinx/Vivado/2022.1/data/ip'.
Command: synth_design -top Ece253_BlockDesign_axi_gpio_0_3 -part xc7a100tcsg324-1 -incremental_mode off -mode out_of_context
Starting synth_design
Attempting to get a license for feature 'Synthesis' and/or device 'xc7a100t'
INFO: [Common 17-349] Got license for feature 'Synthesis' and/or device 'xc7a100t'
INFO: [Device 21-403] Loading part xc7a100tcsg324-1
INFO: [Synth 8-7079] Multithreading enabled for synth_design using a maximum of 4 processes.
INFO: [Synth 8-7078] Launching helper process for spawning children vivado processes
INFO: [Synth 8-7075] Helper process launched with PID 2125262
WARNING: [Synth 8-9501] generate block is allowed only inside loop and conditional generate in SystemVerilog mode [/opt/Xilinx/Vivado/2022.1/data/ip/xpm/xpm_fifo/hdl/xpm_fifo.sv:4023]
---------------------------------------------------------------------------------
Starting RTL Elaboration : Time (s): cpu = 00:00:04 ; elapsed = 00:00:04 . Memory (MB): peak = 3158.852 ; gain = 10.859 ; free physical = 1186 ; free virtual = 3636
---------------------------------------------------------------------------------
INFO: [Synth 8-638] synthesizing module 'Ece253_BlockDesign_axi_gpio_0_3' [/home/parallels/A7T100_Vivado/A7T100_Vivado.gen/sources_1/bd/Ece253_BlockDesign/ip/Ece253_BlockDesign_axi_gpio_0_3/synth/Ece253_BlockDesign_axi_gpio_0_3.vhd:85]
	Parameter C_FAMILY bound to: artix7 - type: string 
	Parameter C_S_AXI_ADDR_WIDTH bound to: 9 - type: integer 
	Parameter C_S_AXI_DATA_WIDTH bound to: 32 - type: integer 
	Parameter C_GPIO_WIDTH bound to: 3 - type: integer 
	Parameter C_GPIO2_WIDTH bound to: 32 - type: integer 
	Parameter C_ALL_INPUTS bound to: 1 - type: integer 
	Parameter C_ALL_INPUTS_2 bound to: 0 - type: integer 
	Parameter C_ALL_OUTPUTS bound to: 0 - type: integer 
	Parameter C_ALL_OUTPUTS_2 bound to: 0 - type: integer 
	Parameter C_INTERRUPT_PRESENT bound to: 1 - type: integer 
	Parameter C_DOUT_DEFAULT bound to: 32'b00000000000000000000000000000000 
	Parameter C_TRI_DEFAULT bound to: 32'b11111111111111111111111111111111 
	Parameter C_IS_DUAL bound to: 0 - type: integer 
	Parameter C_DOUT_DEFAULT_2 bound to: 32'b00000000000000000000000000000000 
	Parameter C_TRI_DEFAULT_2 bound to: 32'b11111111111111111111111111111111 
INFO: [Synth 8-3491] module 'axi_gpio' declared at '/home/parallels/A7T100_Vivado/A7T100_Vivado.gen/sources_1/bd/Ece253_BlockDesign/ipshared/3ed9/hdl/axi_gpio_v2_0_vh_rfs.vhd:1265' bound to instance 'U0' of component 'axi_gpio' [/home/parallels/A7T100_Vivado/A7T100_Vivado.gen/sources_1/bd/Ece253_BlockDesign/ip/Ece253_BlockDesign_axi_gpio_0_3/synth/Ece253_BlockDesign_axi_gpio_0_3.vhd:171]
INFO: [Synth 8-638] synthesizing module 'axi_gpio' [/home/parallels/A7T100_Vivado/A7T100_Vivado.gen/sources_1/bd/Ece253_BlockDesign/ipshared/3ed9/hdl/axi_gpio_v2_0_vh_rfs.vhd:1351]
INFO: [Synth 8-638] synthesizing module 'axi_lite_ipif' [/home/parallels/A7T100_Vivado/A7T100_Vivado.gen/sources_1/bd/Ece253_BlockDesign/ipshared/66ea/hdl/axi_lite_ipif_v3_0_vh_rfs.vhd:2948]
INFO: [Synth 8-638] synthesizing module 'slave_attachment' [/home/parallels/A7T100_Vivado/A7T100_Vivado.gen/sources_1/bd/Ece253_BlockDesign/ipshared/66ea/hdl/axi_lite_ipif_v3_0_vh_rfs.vhd:2341]
INFO: [Synth 8-638] synthesizing module 'address_decoder' [/home/parallels/A7T100_Vivado/A7T100_Vivado.gen/sources_1/bd/Ece253_BlockDesign/ipshared/66ea/hdl/axi_lite_ipif_v3_0_vh_rfs.vhd:1775]
INFO: [Synth 8-638] synthesizing module 'pselect_f' [/home/parallels/A7T100_Vivado/A7T100_Vivado.gen/sources_1/bd/Ece253_BlockDesign/ipshared/66ea/hdl/axi_lite_ipif_v3_0_vh_rfs.vhd:1534]
INFO: [Synth 8-256] done synthesizing module 'pselect_f' (0#1) [/home/parallels/A7T100_Vivado/A7T100_Vivado.gen/sources_1/bd/Ece253_BlockDesign/ipshared/66ea/hdl/axi_lite_ipif_v3_0_vh_rfs.vhd:1534]
INFO: [Synth 8-638] synthesizing module 'pselect_f__parameterized0' [/home/parallels/A7T100_Vivado/A7T100_Vivado.gen/sources_1/bd/Ece253_BlockDesign/ipshared/66ea/hdl/axi_lite_ipif_v3_0_vh_rfs.vhd:1534]
INFO: [Synth 8-256] done synthesizing module 'pselect_f__parameterized0' (0#1) [/home/parallels/A7T100_Vivado/A7T100_Vivado.gen/sources_1/bd/Ece253_BlockDesign/ipshared/66ea/hdl/axi_lite_ipif_v3_0_vh_rfs.vhd:1534]
INFO: [Synth 8-638] synthesizing module 'pselect_f__parameterized1' [/home/parallels/A7T100_Vivado/A7T100_Vivado.gen/sources_1/bd/Ece253_BlockDesign/ipshared/66ea/hdl/axi_lite_ipif_v3_0_vh_rfs.vhd:1534]
INFO: [Synth 8-256] done synthesizing module 'pselect_f__parameterized1' (0#1) [/home/parallels/A7T100_Vivado/A7T100_Vivado.gen/sources_1/bd/Ece253_BlockDesign/ipshared/66ea/hdl/axi_lite_ipif_v3_0_vh_rfs.vhd:1534]
INFO: [Synth 8-638] synthesizing module 'pselect_f__parameterized2' [/home/parallels/A7T100_Vivado/A7T100_Vivado.gen/sources_1/bd/Ece253_BlockDesign/ipshared/66ea/hdl/axi_lite_ipif_v3_0_vh_rfs.vhd:1534]
INFO: [Synth 8-256] done synthesizing module 'pselect_f__parameterized2' (0#1) [/home/parallels/A7T100_Vivado/A7T100_Vivado.gen/sources_1/bd/Ece253_BlockDesign/ipshared/66ea/hdl/axi_lite_ipif_v3_0_vh_rfs.vhd:1534]
INFO: [Synth 8-638] synthesizing module 'pselect_f__parameterized3' [/home/parallels/A7T100_Vivado/A7T100_Vivado.gen/sources_1/bd/Ece253_BlockDesign/ipshared/66ea/hdl/axi_lite_ipif_v3_0_vh_rfs.vhd:1534]
INFO: [Synth 8-256] done synthesizing module 'pselect_f__parameterized3' (0#1) [/home/parallels/A7T100_Vivado/A7T100_Vivado.gen/sources_1/bd/Ece253_BlockDesign/ipshared/66ea/hdl/axi_lite_ipif_v3_0_vh_rfs.vhd:1534]
INFO: [Synth 8-638] synthesizing module 'pselect_f__parameterized4' [/home/parallels/A7T100_Vivado/A7T100_Vivado.gen/sources_1/bd/Ece253_BlockDesign/ipshared/66ea/hdl/axi_lite_ipif_v3_0_vh_rfs.vhd:1534]
INFO: [Synth 8-256] done synthesizing module 'pselect_f__parameterized4' (0#1) [/home/parallels/A7T100_Vivado/A7T100_Vivado.gen/sources_1/bd/Ece253_BlockDesign/ipshared/66ea/hdl/axi_lite_ipif_v3_0_vh_rfs.vhd:1534]
INFO: [Synth 8-638] synthesizing module 'pselect_f__parameterized5' [/home/parallels/A7T100_Vivado/A7T100_Vivado.gen/sources_1/bd/Ece253_BlockDesign/ipshared/66ea/hdl/axi_lite_ipif_v3_0_vh_rfs.vhd:1534]
INFO: [Synth 8-256] done synthesizing module 'pselect_f__parameterized5' (0#1) [/home/parallels/A7T100_Vivado/A7T100_Vivado.gen/sources_1/bd/Ece253_BlockDesign/ipshared/66ea/hdl/axi_lite_ipif_v3_0_vh_rfs.vhd:1534]
INFO: [Synth 8-638] synthesizing module 'pselect_f__parameterized6' [/home/parallels/A7T100_Vivado/A7T100_Vivado.gen/sources_1/bd/Ece253_BlockDesign/ipshared/66ea/hdl/axi_lite_ipif_v3_0_vh_rfs.vhd:1534]
INFO: [Synth 8-256] done synthesizing module 'pselect_f__parameterized6' (0#1) [/home/parallels/A7T100_Vivado/A7T100_Vivado.gen/sources_1/bd/Ece253_BlockDesign/ipshared/66ea/hdl/axi_lite_ipif_v3_0_vh_rfs.vhd:1534]
INFO: [Synth 8-638] synthesizing module 'pselect_f__parameterized7' [/home/parallels/A7T100_Vivado/A7T100_Vivado.gen/sources_1/bd/Ece253_BlockDesign/ipshared/66ea/hdl/axi_lite_ipif_v3_0_vh_rfs.vhd:1534]
INFO: [Synth 8-256] done synthesizing module 'pselect_f__parameterized7' (0#1) [/home/parallels/A7T100_Vivado/A7T100_Vivado.gen/sources_1/bd/Ece253_BlockDesign/ipshared/66ea/hdl/axi_lite_ipif_v3_0_vh_rfs.vhd:1534]
INFO: [Synth 8-638] synthesizing module 'pselect_f__parameterized8' [/home/parallels/A7T100_Vivado/A7T100_Vivado.gen/sources_1/bd/Ece253_BlockDesign/ipshared/66ea/hdl/axi_lite_ipif_v3_0_vh_rfs.vhd:1534]
INFO: [Synth 8-256] done synthesizing module 'pselect_f__parameterized8' (0#1) [/home/parallels/A7T100_Vivado/A7T100_Vivado.gen/sources_1/bd/Ece253_BlockDesign/ipshared/66ea/hdl/axi_lite_ipif_v3_0_vh_rfs.vhd:1534]
INFO: [Synth 8-638] synthesizing module 'pselect_f__parameterized9' [/home/parallels/A7T100_Vivado/A7T100_Vivado.gen/sources_1/bd/Ece253_BlockDesign/ipshared/66ea/hdl/axi_lite_ipif_v3_0_vh_rfs.vhd:1534]
INFO: [Synth 8-256] done synthesizing module 'pselect_f__parameterized9' (0#1) [/home/parallels/A7T100_Vivado/A7T100_Vivado.gen/sources_1/bd/Ece253_BlockDesign/ipshared/66ea/hdl/axi_lite_ipif_v3_0_vh_rfs.vhd:1534]
INFO: [Synth 8-638] synthesizing module 'pselect_f__parameterized10' [/home/parallels/A7T100_Vivado/A7T100_Vivado.gen/sources_1/bd/Ece253_BlockDesign/ipshared/66ea/hdl/axi_lite_ipif_v3_0_vh_rfs.vhd:1534]
INFO: [Synth 8-256] done synthesizing module 'pselect_f__parameterized10' (0#1) [/home/parallels/A7T100_Vivado/A7T100_Vivado.gen/sources_1/bd/Ece253_BlockDesign/ipshared/66ea/hdl/axi_lite_ipif_v3_0_vh_rfs.vhd:1534]
INFO: [Synth 8-638] synthesizing module 'pselect_f__parameterized11' [/home/parallels/A7T100_Vivado/A7T100_Vivado.gen/sources_1/bd/Ece253_BlockDesign/ipshared/66ea/hdl/axi_lite_ipif_v3_0_vh_rfs.vhd:1534]
INFO: [Synth 8-256] done synthesizing module 'pselect_f__parameterized11' (0#1) [/home/parallels/A7T100_Vivado/A7T100_Vivado.gen/sources_1/bd/Ece253_BlockDesign/ipshared/66ea/hdl/axi_lite_ipif_v3_0_vh_rfs.vhd:1534]
INFO: [Synth 8-638] synthesizing module 'pselect_f__parameterized12' [/home/parallels/A7T100_Vivado/A7T100_Vivado.gen/sources_1/bd/Ece253_BlockDesign/ipshared/66ea/hdl/axi_lite_ipif_v3_0_vh_rfs.vhd:1534]
INFO: [Synth 8-256] done synthesizing module 'pselect_f__parameterized12' (0#1) [/home/parallels/A7T100_Vivado/A7T100_Vivado.gen/sources_1/bd/Ece253_BlockDesign/ipshared/66ea/hdl/axi_lite_ipif_v3_0_vh_rfs.vhd:1534]
INFO: [Synth 8-638] synthesizing module 'pselect_f__parameterized13' [/home/parallels/A7T100_Vivado/A7T100_Vivado.gen/sources_1/bd/Ece253_BlockDesign/ipshared/66ea/hdl/axi_lite_ipif_v3_0_vh_rfs.vhd:1534]
INFO: [Synth 8-256] done synthesizing module 'pselect_f__parameterized13' (0#1) [/home/parallels/A7T100_Vivado/A7T100_Vivado.gen/sources_1/bd/Ece253_BlockDesign/ipshared/66ea/hdl/axi_lite_ipif_v3_0_vh_rfs.vhd:1534]
INFO: [Synth 8-638] synthesizing module 'pselect_f__parameterized14' [/home/parallels/A7T100_Vivado/A7T100_Vivado.gen/sources_1/bd/Ece253_BlockDesign/ipshared/66ea/hdl/axi_lite_ipif_v3_0_vh_rfs.vhd:1534]
INFO: [Synth 8-256] done synthesizing module 'pselect_f__parameterized14' (0#1) [/home/parallels/A7T100_Vivado/A7T100_Vivado.gen/sources_1/bd/Ece253_BlockDesign/ipshared/66ea/hdl/axi_lite_ipif_v3_0_vh_rfs.vhd:1534]
INFO: [Synth 8-638] synthesizing module 'pselect_f__parameterized15' [/home/parallels/A7T100_Vivado/A7T100_Vivado.gen/sources_1/bd/Ece253_BlockDesign/ipshared/66ea/hdl/axi_lite_ipif_v3_0_vh_rfs.vhd:1534]
INFO: [Synth 8-256] done synthesizing module 'pselect_f__parameterized15' (0#1) [/home/parallels/A7T100_Vivado/A7T100_Vivado.gen/sources_1/bd/Ece253_BlockDesign/ipshared/66ea/hdl/axi_lite_ipif_v3_0_vh_rfs.vhd:1534]
INFO: [Synth 8-638] synthesizing module 'pselect_f__parameterized16' [/home/parallels/A7T100_Vivado/A7T100_Vivado.gen/sources_1/bd/Ece253_BlockDesign/ipshared/66ea/hdl/axi_lite_ipif_v3_0_vh_rfs.vhd:1534]
INFO: [Synth 8-256] done synthesizing module 'pselect_f__parameterized16' (0#1) [/home/parallels/A7T100_Vivado/A7T100_Vivado.gen/sources_1/bd/Ece253_BlockDesign/ipshared/66ea/hdl/axi_lite_ipif_v3_0_vh_rfs.vhd:1534]
INFO: [Synth 8-638] synthesizing module 'pselect_f__parameterized17' [/home/parallels/A7T100_Vivado/A7T100_Vivado.gen/sources_1/bd/Ece253_BlockDesign/ipshared/66ea/hdl/axi_lite_ipif_v3_0_vh_rfs.vhd:1534]
INFO: [Synth 8-256] done synthesizing module 'pselect_f__parameterized17' (0#1) [/home/parallels/A7T100_Vivado/A7T100_Vivado.gen/sources_1/bd/Ece253_BlockDesign/ipshared/66ea/hdl/axi_lite_ipif_v3_0_vh_rfs.vhd:1534]
INFO: [Synth 8-638] synthesizing module 'pselect_f__parameterized18' [/home/parallels/A7T100_Vivado/A7T100_Vivado.gen/sources_1/bd/Ece253_BlockDesign/ipshared/66ea/hdl/axi_lite_ipif_v3_0_vh_rfs.vhd:1534]
INFO: [Synth 8-256] done synthesizing module 'pselect_f__parameterized18' (0#1) [/home/parallels/A7T100_Vivado/A7T100_Vivado.gen/sources_1/bd/Ece253_BlockDesign/ipshared/66ea/hdl/axi_lite_ipif_v3_0_vh_rfs.vhd:1534]
INFO: [Synth 8-638] synthesizing module 'pselect_f__parameterized19' [/home/parallels/A7T100_Vivado/A7T100_Vivado.gen/sources_1/bd/Ece253_BlockDesign/ipshared/66ea/hdl/axi_lite_ipif_v3_0_vh_rfs.vhd:1534]
INFO: [Synth 8-256] done synthesizing module 'pselect_f__parameterized19' (0#1) [/home/parallels/A7T100_Vivado/A7T100_Vivado.gen/sources_1/bd/Ece253_BlockDesign/ipshared/66ea/hdl/axi_lite_ipif_v3_0_vh_rfs.vhd:1534]
INFO: [Synth 8-638] synthesizing module 'pselect_f__parameterized20' [/home/parallels/A7T100_Vivado/A7T100_Vivado.gen/sources_1/bd/Ece253_BlockDesign/ipshared/66ea/hdl/axi_lite_ipif_v3_0_vh_rfs.vhd:1534]
INFO: [Synth 8-256] done synthesizing module 'pselect_f__parameterized20' (0#1) [/home/parallels/A7T100_Vivado/A7T100_Vivado.gen/sources_1/bd/Ece253_BlockDesign/ipshared/66ea/hdl/axi_lite_ipif_v3_0_vh_rfs.vhd:1534]
INFO: [Synth 8-256] done synthesizing module 'address_decoder' (0#1) [/home/parallels/A7T100_Vivado/A7T100_Vivado.gen/sources_1/bd/Ece253_BlockDesign/ipshared/66ea/hdl/axi_lite_ipif_v3_0_vh_rfs.vhd:1775]
INFO: [Synth 8-226] default block is never used [/home/parallels/A7T100_Vivado/A7T100_Vivado.gen/sources_1/bd/Ece253_BlockDesign/ipshared/66ea/hdl/axi_lite_ipif_v3_0_vh_rfs.vhd:2550]
INFO: [Synth 8-256] done synthesizing module 'slave_attachment' (0#1) [/home/parallels/A7T100_Vivado/A7T100_Vivado.gen/sources_1/bd/Ece253_BlockDesign/ipshared/66ea/hdl/axi_lite_ipif_v3_0_vh_rfs.vhd:2341]
INFO: [Synth 8-256] done synthesizing module 'axi_lite_ipif' (0#1) [/home/parallels/A7T100_Vivado/A7T100_Vivado.gen/sources_1/bd/Ece253_BlockDesign/ipshared/66ea/hdl/axi_lite_ipif_v3_0_vh_rfs.vhd:2948]
INFO: [Synth 8-638] synthesizing module 'interrupt_control' [/home/parallels/A7T100_Vivado/A7T100_Vivado.gen/sources_1/bd/Ece253_BlockDesign/ipshared/a040/hdl/interrupt_control_v3_1_vh_rfs.vhd:259]
INFO: [Synth 8-256] done synthesizing module 'interrupt_control' (0#1) [/home/parallels/A7T100_Vivado/A7T100_Vivado.gen/sources_1/bd/Ece253_BlockDesign/ipshared/a040/hdl/interrupt_control_v3_1_vh_rfs.vhd:259]
INFO: [Synth 8-638] synthesizing module 'GPIO_Core' [/home/parallels/A7T100_Vivado/A7T100_Vivado.gen/sources_1/bd/Ece253_BlockDesign/ipshared/3ed9/hdl/axi_gpio_v2_0_vh_rfs.vhd:178]
INFO: [Synth 8-226] default block is never used [/home/parallels/A7T100_Vivado/A7T100_Vivado.gen/sources_1/bd/Ece253_BlockDesign/ipshared/3ed9/hdl/axi_gpio_v2_0_vh_rfs.vhd:443]
INFO: [Synth 8-638] synthesizing module 'cdc_sync' [/home/parallels/A7T100_Vivado/A7T100_Vivado.gen/sources_1/bd/Ece253_BlockDesign/ipshared/ef1e/hdl/lib_cdc_v1_0_rfs.vhd:106]
	Parameter INIT bound to: 1'b0 
INFO: [Synth 8-113] binding component instance 'CROSS2_PLEVEL_IN2SCNDRY_IN_cdc_to' to cell 'FDR' [/home/parallels/A7T100_Vivado/A7T100_Vivado.gen/sources_1/bd/Ece253_BlockDesign/ipshared/ef1e/hdl/lib_cdc_v1_0_rfs.vhd:736]
	Parameter INIT bound to: 1'b0 
INFO: [Synth 8-113] binding component instance 'CROSS2_PLEVEL_IN2SCNDRY_IN_cdc_to' to cell 'FDR' [/home/parallels/A7T100_Vivado/A7T100_Vivado.gen/sources_1/bd/Ece253_BlockDesign/ipshared/ef1e/hdl/lib_cdc_v1_0_rfs.vhd:736]
	Parameter INIT bound to: 1'b0 
INFO: [Synth 8-113] binding component instance 'CROSS2_PLEVEL_IN2SCNDRY_IN_cdc_to' to cell 'FDR' [/home/parallels/A7T100_Vivado/A7T100_Vivado.gen/sources_1/bd/Ece253_BlockDesign/ipshared/ef1e/hdl/lib_cdc_v1_0_rfs.vhd:736]
	Parameter INIT bound to: 1'b0 
INFO: [Synth 8-113] binding component instance 'CROSS2_PLEVEL_IN2SCNDRY_s_level_out_bus_d2' to cell 'FDR' [/home/parallels/A7T100_Vivado/A7T100_Vivado.gen/sources_1/bd/Ece253_BlockDesign/ipshared/ef1e/hdl/lib_cdc_v1_0_rfs.vhd:772]
	Parameter INIT bound to: 1'b0 
INFO: [Synth 8-113] binding component instance 'CROSS2_PLEVEL_IN2SCNDRY_s_level_out_bus_d2' to cell 'FDR' [/home/parallels/A7T100_Vivado/A7T100_Vivado.gen/sources_1/bd/Ece253_BlockDesign/ipshared/ef1e/hdl/lib_cdc_v1_0_rfs.vhd:772]
	Parameter INIT bound to: 1'b0 
INFO: [Synth 8-113] binding component instance 'CROSS2_PLEVEL_IN2SCNDRY_s_level_out_bus_d2' to cell 'FDR' [/home/parallels/A7T100_Vivado/A7T100_Vivado.gen/sources_1/bd/Ece253_BlockDesign/ipshared/ef1e/hdl/lib_cdc_v1_0_rfs.vhd:772]
	Parameter INIT bound to: 1'b0 
INFO: [Synth 8-113] binding component instance 'CROSS2_PLEVEL_IN2SCNDRY_s_level_out_bus_d3' to cell 'FDR' [/home/parallels/A7T100_Vivado/A7T100_Vivado.gen/sources_1/bd/Ece253_BlockDesign/ipshared/ef1e/hdl/lib_cdc_v1_0_rfs.vhd:788]
	Parameter INIT bound to: 1'b0 
INFO: [Synth 8-113] binding component instance 'CROSS2_PLEVEL_IN2SCNDRY_s_level_out_bus_d3' to cell 'FDR' [/home/parallels/A7T100_Vivado/A7T100_Vivado.gen/sources_1/bd/Ece253_BlockDesign/ipshared/ef1e/hdl/lib_cdc_v1_0_rfs.vhd:788]
	Parameter INIT bound to: 1'b0 
INFO: [Synth 8-113] binding component instance 'CROSS2_PLEVEL_IN2SCNDRY_s_level_out_bus_d3' to cell 'FDR' [/home/parallels/A7T100_Vivado/A7T100_Vivado.gen/sources_1/bd/Ece253_BlockDesign/ipshared/ef1e/hdl/lib_cdc_v1_0_rfs.vhd:788]
	Parameter INIT bound to: 1'b0 
INFO: [Synth 8-113] binding component instance 'CROSS2_PLEVEL_IN2SCNDRY_s_level_out_bus_d4' to cell 'FDR' [/home/parallels/A7T100_Vivado/A7T100_Vivado.gen/sources_1/bd/Ece253_BlockDesign/ipshared/ef1e/hdl/lib_cdc_v1_0_rfs.vhd:804]
	Parameter INIT bound to: 1'b0 
INFO: [Synth 8-113] binding component instance 'CROSS2_PLEVEL_IN2SCNDRY_s_level_out_bus_d4' to cell 'FDR' [/home/parallels/A7T100_Vivado/A7T100_Vivado.gen/sources_1/bd/Ece253_BlockDesign/ipshared/ef1e/hdl/lib_cdc_v1_0_rfs.vhd:804]
	Parameter INIT bound to: 1'b0 
INFO: [Synth 8-113] binding component instance 'CROSS2_PLEVEL_IN2SCNDRY_s_level_out_bus_d4' to cell 'FDR' [/home/parallels/A7T100_Vivado/A7T100_Vivado.gen/sources_1/bd/Ece253_BlockDesign/ipshared/ef1e/hdl/lib_cdc_v1_0_rfs.vhd:804]
	Parameter INIT bound to: 1'b0 
INFO: [Synth 8-113] binding component instance 'CROSS2_PLEVEL_IN2SCNDRY_s_level_out_bus_d5' to cell 'FDR' [/home/parallels/A7T100_Vivado/A7T100_Vivado.gen/sources_1/bd/Ece253_BlockDesign/ipshared/ef1e/hdl/lib_cdc_v1_0_rfs.vhd:821]
	Parameter INIT bound to: 1'b0 
INFO: [Synth 8-113] binding component instance 'CROSS2_PLEVEL_IN2SCNDRY_s_level_out_bus_d5' to cell 'FDR' [/home/parallels/A7T100_Vivado/A7T100_Vivado.gen/sources_1/bd/Ece253_BlockDesign/ipshared/ef1e/hdl/lib_cdc_v1_0_rfs.vhd:821]
	Parameter INIT bound to: 1'b0 
INFO: [Synth 8-113] binding component instance 'CROSS2_PLEVEL_IN2SCNDRY_s_level_out_bus_d5' to cell 'FDR' [/home/parallels/A7T100_Vivado/A7T100_Vivado.gen/sources_1/bd/Ece253_BlockDesign/ipshared/ef1e/hdl/lib_cdc_v1_0_rfs.vhd:821]
	Parameter INIT bound to: 1'b0 
INFO: [Synth 8-113] binding component instance 'CROSS2_PLEVEL_IN2SCNDRY_s_level_out_bus_d6' to cell 'FDR' [/home/parallels/A7T100_Vivado/A7T100_Vivado.gen/sources_1/bd/Ece253_BlockDesign/ipshared/ef1e/hdl/lib_cdc_v1_0_rfs.vhd:837]
	Parameter INIT bound to: 1'b0 
INFO: [Synth 8-113] binding component instance 'CROSS2_PLEVEL_IN2SCNDRY_s_level_out_bus_d6' to cell 'FDR' [/home/parallels/A7T100_Vivado/A7T100_Vivado.gen/sources_1/bd/Ece253_BlockDesign/ipshared/ef1e/hdl/lib_cdc_v1_0_rfs.vhd:837]
	Parameter INIT bound to: 1'b0 
INFO: [Synth 8-113] binding component instance 'CROSS2_PLEVEL_IN2SCNDRY_s_level_out_bus_d6' to cell 'FDR' [/home/parallels/A7T100_Vivado/A7T100_Vivado.gen/sources_1/bd/Ece253_BlockDesign/ipshared/ef1e/hdl/lib_cdc_v1_0_rfs.vhd:837]
INFO: [Synth 8-256] done synthesizing module 'cdc_sync' (0#1) [/home/parallels/A7T100_Vivado/A7T100_Vivado.gen/sources_1/bd/Ece253_BlockDesign/ipshared/ef1e/hdl/lib_cdc_v1_0_rfs.vhd:106]
INFO: [Synth 8-256] done synthesizing module 'GPIO_Core' (0#1) [/home/parallels/A7T100_Vivado/A7T100_Vivado.gen/sources_1/bd/Ece253_BlockDesign/ipshared/3ed9/hdl/axi_gpio_v2_0_vh_rfs.vhd:178]
INFO: [Synth 8-256] done synthesizing module 'axi_gpio' (0#1) [/home/parallels/A7T100_Vivado/A7T100_Vivado.gen/sources_1/bd/Ece253_BlockDesign/ipshared/3ed9/hdl/axi_gpio_v2_0_vh_rfs.vhd:1351]
INFO: [Synth 8-256] done synthesizing module 'Ece253_BlockDesign_axi_gpio_0_3' (0#1) [/home/parallels/A7T100_Vivado/A7T100_Vivado.gen/sources_1/bd/Ece253_BlockDesign/ip/Ece253_BlockDesign_axi_gpio_0_3/synth/Ece253_BlockDesign_axi_gpio_0_3.vhd:85]
WARNING: [Synth 8-6014] Unused sequential element Not_Dual.ALLIN1_ND.READ_REG_GEN[0].GPIO_DBus_i_reg was removed.  [/home/parallels/A7T100_Vivado/A7T100_Vivado.gen/sources_1/bd/Ece253_BlockDesign/ipshared/3ed9/hdl/axi_gpio_v2_0_vh_rfs.vhd:351]
WARNING: [Synth 8-6014] Unused sequential element Not_Dual.ALLIN1_ND.READ_REG_GEN[1].GPIO_DBus_i_reg was removed.  [/home/parallels/A7T100_Vivado/A7T100_Vivado.gen/sources_1/bd/Ece253_BlockDesign/ipshared/3ed9/hdl/axi_gpio_v2_0_vh_rfs.vhd:351]
WARNING: [Synth 8-6014] Unused sequential element Not_Dual.ALLIN1_ND.READ_REG_GEN[2].GPIO_DBus_i_reg was removed.  [/home/parallels/A7T100_Vivado/A7T100_Vivado.gen/sources_1/bd/Ece253_BlockDesign/ipshared/3ed9/hdl/axi_gpio_v2_0_vh_rfs.vhd:351]
WARNING: [Synth 8-7129] Port prmry_aclk in module cdc_sync is either unconnected or has no load
WARNING: [Synth 8-7129] Port prmry_resetn in module cdc_sync is either unconnected or has no load
WARNING: [Synth 8-7129] Port prmry_in in module cdc_sync is either unconnected or has no load
WARNING: [Synth 8-7129] Port scndry_resetn in module cdc_sync is either unconnected or has no load
WARNING: [Synth 8-7129] Port ABus_Reg[1] in module GPIO_Core is either unconnected or has no load
WARNING: [Synth 8-7129] Port ABus_Reg[2] in module GPIO_Core is either unconnected or has no load
WARNING: [Synth 8-7129] Port ABus_Reg[3] in module GPIO_Core is either unconnected or has no load
WARNING: [Synth 8-7129] Port ABus_Reg[4] in module GPIO_Core is either unconnected or has no load
WARNING: [Synth 8-7129] Port ABus_Reg[7] in module GPIO_Core is either unconnected or has no load
WARNING: [Synth 8-7129] Port ABus_Reg[8] in module GPIO_Core is either unconnected or has no load
WARNING: [Synth 8-7129] Port BE_Reg[0] in module GPIO_Core is either unconnected or has no load
WARNING: [Synth 8-7129] Port BE_Reg[1] in module GPIO_Core is either unconnected or has no load
WARNING: [Synth 8-7129] Port BE_Reg[2] in module GPIO_Core is either unconnected or has no load
WARNING: [Synth 8-7129] Port BE_Reg[3] in module GPIO_Core is either unconnected or has no load
WARNING: [Synth 8-7129] Port GPIO2_IO_I[0] in module GPIO_Core is either unconnected or has no load
WARNING: [Synth 8-7129] Port GPIO2_IO_I[1] in module GPIO_Core is either unconnected or has no load
WARNING: [Synth 8-7129] Port GPIO2_IO_I[2] in module GPIO_Core is either unconnected or has no load
WARNING: [Synth 8-7129] Port GPIO2_IO_I[3] in module GPIO_Core is either unconnected or has no load
WARNING: [Synth 8-7129] Port GPIO2_IO_I[4] in module GPIO_Core is either unconnected or has no load
WARNING: [Synth 8-7129] Port GPIO2_IO_I[5] in module GPIO_Core is either unconnected or has no load
WARNING: [Synth 8-7129] Port GPIO2_IO_I[6] in module GPIO_Core is either unconnected or has no load
WARNING: [Synth 8-7129] Port GPIO2_IO_I[7] in module GPIO_Core is either unconnected or has no load
WARNING: [Synth 8-7129] Port GPIO2_IO_I[8] in module GPIO_Core is either unconnected or has no load
WARNING: [Synth 8-7129] Port GPIO2_IO_I[9] in module GPIO_Core is either unconnected or has no load
WARNING: [Synth 8-7129] Port GPIO2_IO_I[10] in module GPIO_Core is either unconnected or has no load
WARNING: [Synth 8-7129] Port GPIO2_IO_I[11] in module GPIO_Core is either unconnected or has no load
WARNING: [Synth 8-7129] Port GPIO2_IO_I[12] in module GPIO_Core is either unconnected or has no load
WARNING: [Synth 8-7129] Port GPIO2_IO_I[13] in module GPIO_Core is either unconnected or has no load
WARNING: [Synth 8-7129] Port GPIO2_IO_I[14] in module GPIO_Core is either unconnected or has no load
WARNING: [Synth 8-7129] Port GPIO2_IO_I[15] in module GPIO_Core is either unconnected or has no load
WARNING: [Synth 8-7129] Port GPIO2_IO_I[16] in module GPIO_Core is either unconnected or has no load
WARNING: [Synth 8-7129] Port GPIO2_IO_I[17] in module GPIO_Core is either unconnected or has no load
WARNING: [Synth 8-7129] Port GPIO2_IO_I[18] in module GPIO_Core is either unconnected or has no load
WARNING: [Synth 8-7129] Port GPIO2_IO_I[19] in module GPIO_Core is either unconnected or has no load
WARNING: [Synth 8-7129] Port GPIO2_IO_I[20] in module GPIO_Core is either unconnected or has no load
WARNING: [Synth 8-7129] Port GPIO2_IO_I[21] in module GPIO_Core is either unconnected or has no load
WARNING: [Synth 8-7129] Port GPIO2_IO_I[22] in module GPIO_Core is either unconnected or has no load
WARNING: [Synth 8-7129] Port GPIO2_IO_I[23] in module GPIO_Core is either unconnected or has no load
WARNING: [Synth 8-7129] Port GPIO2_IO_I[24] in module GPIO_Core is either unconnected or has no load
WARNING: [Synth 8-7129] Port GPIO2_IO_I[25] in module GPIO_Core is either unconnected or has no load
WARNING: [Synth 8-7129] Port GPIO2_IO_I[26] in module GPIO_Core is either unconnected or has no load
WARNING: [Synth 8-7129] Port GPIO2_IO_I[27] in module GPIO_Core is either unconnected or has no load
WARNING: [Synth 8-7129] Port GPIO2_IO_I[28] in module GPIO_Core is either unconnected or has no load
WARNING: [Synth 8-7129] Port GPIO2_IO_I[29] in module GPIO_Core is either unconnected or has no load
WARNING: [Synth 8-7129] Port GPIO2_IO_I[30] in module GPIO_Core is either unconnected or has no load
WARNING: [Synth 8-7129] Port GPIO2_IO_I[31] in module GPIO_Core is either unconnected or has no load
WARNING: [Synth 8-7129] Port bus2ip_data[1] in module interrupt_control is either unconnected or has no load
WARNING: [Synth 8-7129] Port bus2ip_data[2] in module interrupt_control is either unconnected or has no load
WARNING: [Synth 8-7129] Port bus2ip_data[3] in module interrupt_control is either unconnected or has no load
WARNING: [Synth 8-7129] Port bus2ip_data[4] in module interrupt_control is either unconnected or has no load
WARNING: [Synth 8-7129] Port bus2ip_data[5] in module interrupt_control is either unconnected or has no load
WARNING: [Synth 8-7129] Port bus2ip_data[6] in module interrupt_control is either unconnected or has no load
WARNING: [Synth 8-7129] Port bus2ip_data[7] in module interrupt_control is either unconnected or has no load
WARNING: [Synth 8-7129] Port bus2ip_data[8] in module interrupt_control is either unconnected or has no load
WARNING: [Synth 8-7129] Port bus2ip_data[9] in module interrupt_control is either unconnected or has no load
WARNING: [Synth 8-7129] Port bus2ip_data[10] in module interrupt_control is either unconnected or has no load
WARNING: [Synth 8-7129] Port bus2ip_data[11] in module interrupt_control is either unconnected or has no load
WARNING: [Synth 8-7129] Port bus2ip_data[12] in module interrupt_control is either unconnected or has no load
WARNING: [Synth 8-7129] Port bus2ip_data[13] in module interrupt_control is either unconnected or has no load
WARNING: [Synth 8-7129] Port bus2ip_data[14] in module interrupt_control is either unconnected or has no load
WARNING: [Synth 8-7129] Port bus2ip_data[15] in module interrupt_control is either unconnected or has no load
WARNING: [Synth 8-7129] Port bus2ip_data[16] in module interrupt_control is either unconnected or has no load
WARNING: [Synth 8-7129] Port bus2ip_data[17] in module interrupt_control is either unconnected or has no load
WARNING: [Synth 8-7129] Port bus2ip_data[18] in module interrupt_control is either unconnected or has no load
WARNING: [Synth 8-7129] Port bus2ip_data[19] in module interrupt_control is either unconnected or has no load
WARNING: [Synth 8-7129] Port bus2ip_data[20] in module interrupt_control is either unconnected or has no load
WARNING: [Synth 8-7129] Port bus2ip_data[21] in module interrupt_control is either unconnected or has no load
WARNING: [Synth 8-7129] Port bus2ip_data[22] in module interrupt_control is either unconnected or has no load
WARNING: [Synth 8-7129] Port bus2ip_data[23] in module interrupt_control is either unconnected or has no load
WARNING: [Synth 8-7129] Port bus2ip_data[24] in module interrupt_control is either unconnected or has no load
WARNING: [Synth 8-7129] Port bus2ip_data[25] in module interrupt_control is either unconnected or has no load
WARNING: [Synth 8-7129] Port bus2ip_data[26] in module interrupt_control is either unconnected or has no load
WARNING: [Synth 8-7129] Port bus2ip_data[27] in module interrupt_control is either unconnected or has no load
WARNING: [Synth 8-7129] Port bus2ip_data[28] in module interrupt_control is either unconnected or has no load
WARNING: [Synth 8-7129] Port bus2ip_data[29] in module interrupt_control is either unconnected or has no load
WARNING: [Synth 8-7129] Port bus2ip_data[30] in module interrupt_control is either unconnected or has no load
WARNING: [Synth 8-7129] Port bus2ip_be[1] in module interrupt_control is either unconnected or has no load
WARNING: [Synth 8-7129] Port bus2ip_be[2] in module interrupt_control is either unconnected or has no load
WARNING: [Synth 8-7129] Port bus2ip_be[3] in module interrupt_control is either unconnected or has no load
WARNING: [Synth 8-7129] Port interrupt_rdce[0] in module interrupt_control is either unconnected or has no load
WARNING: [Synth 8-7129] Port interrupt_rdce[1] in module interrupt_control is either unconnected or has no load
WARNING: [Synth 8-7129] Port interrupt_rdce[2] in module interrupt_control is either unconnected or has no load
WARNING: [Synth 8-7129] Port interrupt_rdce[3] in module interrupt_control is either unconnected or has no load
WARNING: [Synth 8-7129] Port interrupt_rdce[4] in module interrupt_control is either unconnected or has no load
WARNING: [Synth 8-7129] Port interrupt_rdce[5] in module interrupt_control is either unconnected or has no load
WARNING: [Synth 8-7129] Port interrupt_rdce[6] in module interrupt_control is either unconnected or has no load
WARNING: [Synth 8-7129] Port interrupt_rdce[9] in module interrupt_control is either unconnected or has no load
WARNING: [Synth 8-7129] Port interrupt_rdce[11] in module interrupt_control is either unconnected or has no load
WARNING: [Synth 8-7129] Port interrupt_rdce[12] in module interrupt_control is either unconnected or has no load
WARNING: [Synth 8-7129] Port interrupt_rdce[13] in module interrupt_control is either unconnected or has no load
WARNING: [Synth 8-7129] Port interrupt_rdce[14] in module interrupt_control is either unconnected or has no load
WARNING: [Synth 8-7129] Port interrupt_rdce[15] in module interrupt_control is either unconnected or has no load
WARNING: [Synth 8-7129] Port interrupt_wrce[0] in module interrupt_control is either unconnected or has no load
WARNING: [Synth 8-7129] Port interrupt_wrce[1] in module interrupt_control is either unconnected or has no load
WARNING: [Synth 8-7129] Port interrupt_wrce[2] in module interrupt_control is either unconnected or has no load
WARNING: [Synth 8-7129] Port interrupt_wrce[3] in module interrupt_control is either unconnected or has no load
WARNING: [Synth 8-7129] Port interrupt_wrce[4] in module interrupt_control is either unconnected or has no load
WARNING: [Synth 8-7129] Port interrupt_wrce[5] in module interrupt_control is either unconnected or has no load
WARNING: [Synth 8-7129] Port interrupt_wrce[6] in module interrupt_control is either unconnected or has no load
WARNING: [Synth 8-7129] Port interrupt_wrce[9] in module interrupt_control is either unconnected or has no load
INFO: [Common 17-14] Message 'Synth 8-7129' appears 100 times and further instances of the messages will be disabled. Use the Tcl command set_msg_config to change the current settings.
---------------------------------------------------------------------------------
Finished RTL Elaboration : Time (s): cpu = 00:00:06 ; elapsed = 00:00:06 . Memory (MB): peak = 3162.152 ; gain = 14.160 ; free physical = 1840 ; free virtual = 4291
---------------------------------------------------------------------------------
---------------------------------------------------------------------------------
Start Handling Custom Attributes
---------------------------------------------------------------------------------
---------------------------------------------------------------------------------
Finished Handling Custom Attributes : Time (s): cpu = 00:00:06 ; elapsed = 00:00:06 . Memory (MB): peak = 3162.352 ; gain = 14.359 ; free physical = 1840 ; free virtual = 4291
---------------------------------------------------------------------------------
---------------------------------------------------------------------------------
Finished RTL Optimization Phase 1 : Time (s): cpu = 00:00:06 ; elapsed = 00:00:06 . Memory (MB): peak = 3162.352 ; gain = 14.359 ; free physical = 1840 ; free virtual = 4291
---------------------------------------------------------------------------------
Netlist sorting complete. Time (s): cpu = 00:00:00.02 ; elapsed = 00:00:00.02 . Memory (MB): peak = 3163.145 ; gain = 0.062 ; free physical = 1759 ; free virtual = 4210
INFO: [Netlist 29-17] Analyzing 18 Unisim elements for replacement
INFO: [Netlist 29-28] Unisim Transformation completed in 0 CPU seconds
INFO: [Project 1-570] Preparing netlist for logic optimization

Processing XDC Constraints
Initializing timing engine
Parsing XDC File [/home/parallels/A7T100_Vivado/A7T100_Vivado.gen/sources_1/bd/Ece253_BlockDesign/ip/Ece253_BlockDesign_axi_gpio_0_3/Ece253_BlockDesign_axi_gpio_0_3_ooc.xdc] for cell 'U0'
Finished Parsing XDC File [/home/parallels/A7T100_Vivado/A7T100_Vivado.gen/sources_1/bd/Ece253_BlockDesign/ip/Ece253_BlockDesign_axi_gpio_0_3/Ece253_BlockDesign_axi_gpio_0_3_ooc.xdc] for cell 'U0'
Parsing XDC File [/home/parallels/A7T100_Vivado/A7T100_Vivado.gen/sources_1/bd/Ece253_BlockDesign/ip/Ece253_BlockDesign_axi_gpio_0_3/Ece253_BlockDesign_axi_gpio_0_3_board.xdc] for cell 'U0'
Finished Parsing XDC File [/home/parallels/A7T100_Vivado/A7T100_Vivado.gen/sources_1/bd/Ece253_BlockDesign/ip/Ece253_BlockDesign_axi_gpio_0_3/Ece253_BlockDesign_axi_gpio_0_3_board.xdc] for cell 'U0'
Parsing XDC File [/home/parallels/A7T100_Vivado/A7T100_Vivado.gen/sources_1/bd/Ece253_BlockDesign/ip/Ece253_BlockDesign_axi_gpio_0_3/Ece253_BlockDesign_axi_gpio_0_3.xdc] for cell 'U0'
Finished Parsing XDC File [/home/parallels/A7T100_Vivado/A7T100_Vivado.gen/sources_1/bd/Ece253_BlockDesign/ip/Ece253_BlockDesign_axi_gpio_0_3/Ece253_BlockDesign_axi_gpio_0_3.xdc] for cell 'U0'
Parsing XDC File [/home/parallels/A7T100_Vivado/A7T100_Vivado.runs/Ece253_BlockDesign_axi_gpio_0_3_synth_1/dont_touch.xdc]
Finished Parsing XDC File [/home/parallels/A7T100_Vivado/A7T100_Vivado.runs/Ece253_BlockDesign_axi_gpio_0_3_synth_1/dont_touch.xdc]
Completed Processing XDC Constraints

Netlist sorting complete. Time (s): cpu = 00:00:00 ; elapsed = 00:00:00 . Memory (MB): peak = 3192.062 ; gain = 0.000 ; free physical = 1449 ; free virtual = 3900
INFO: [Project 1-111] Unisim Transformation Summary:
  A total of 18 instances were transformed.
  FDR => FDRE: 18 instances

Constraint Validation Runtime : Time (s): cpu = 00:00:00.04 ; elapsed = 00:00:00.04 . Memory (MB): peak = 3192.570 ; gain = 0.484 ; free physical = 1442 ; free virtual = 3893
INFO: [Designutils 20-5008] Incremental synthesis strategy off
---------------------------------------------------------------------------------
Finished Constraint Validation : Time (s): cpu = 00:00:13 ; elapsed = 00:00:13 . Memory (MB): peak = 3194.602 ; gain = 46.609 ; free physical = 1544 ; free virtual = 3996
---------------------------------------------------------------------------------
---------------------------------------------------------------------------------
Start Loading Part and Timing Information
---------------------------------------------------------------------------------
Loading part: xc7a100tcsg324-1
---------------------------------------------------------------------------------
Finished Loading Part and Timing Information : Time (s): cpu = 00:00:13 ; elapsed = 00:00:13 . Memory (MB): peak = 3194.723 ; gain = 46.730 ; free physical = 1544 ; free virtual = 3996
---------------------------------------------------------------------------------
---------------------------------------------------------------------------------
Start Applying 'set_property' XDC Constraints
---------------------------------------------------------------------------------
Applied set_property KEEP_HIERARCHY = SOFT for U0. (constraint file  /home/parallels/A7T100_Vivado/A7T100_Vivado.runs/Ece253_BlockDesign_axi_gpio_0_3_synth_1/dont_touch.xdc, line 9).
---------------------------------------------------------------------------------
Finished applying 'set_property' XDC Constraints : Time (s): cpu = 00:00:13 ; elapsed = 00:00:13 . Memory (MB): peak = 3194.770 ; gain = 46.777 ; free physical = 1544 ; free virtual = 3996
---------------------------------------------------------------------------------
INFO: [Synth 8-802] inferred FSM for state register 'state_reg' in module 'slave_attachment'
---------------------------------------------------------------------------------------------------
                   State |                     New Encoding |                Previous Encoding 
---------------------------------------------------------------------------------------------------
                 iSTATE2 |                             0001 |                               00
                  iSTATE |                             0010 |                               01
                 iSTATE0 |                             0100 |                               10
                 iSTATE1 |                             1000 |                               11
---------------------------------------------------------------------------------------------------
INFO: [Synth 8-3354] encoded FSM with state register 'state_reg' using encoding 'one-hot' in module 'slave_attachment'
---------------------------------------------------------------------------------
Finished RTL Optimization Phase 2 : Time (s): cpu = 00:00:13 ; elapsed = 00:00:14 . Memory (MB): peak = 3195.988 ; gain = 47.996 ; free physical = 1552 ; free virtual = 4005
---------------------------------------------------------------------------------
---------------------------------------------------------------------------------
Start RTL Component Statistics 
---------------------------------------------------------------------------------
Detailed RTL Component Info : 
+---Adders : 
	   2 Input    4 Bit       Adders := 1     
+---XORs : 
	   2 Input      3 Bit         XORs := 1     
	   2 Input      1 Bit         XORs := 1     
+---Registers : 
	               32 Bit    Registers := 2     
	                9 Bit    Registers := 1     
	                4 Bit    Registers := 1     
	                3 Bit    Registers := 4     
	                2 Bit    Registers := 3     
	                1 Bit    Registers := 50    
+---Muxes : 
	   2 Input   32 Bit        Muxes := 4     
	   5 Input   32 Bit        Muxes := 1     
	   2 Input    9 Bit        Muxes := 1     
	   4 Input    4 Bit        Muxes := 1     
	   2 Input    4 Bit        Muxes := 5     
	   2 Input    3 Bit        Muxes := 2     
	   2 Input    2 Bit        Muxes := 3     
	   3 Input    2 Bit        Muxes := 1     
	   4 Input    2 Bit        Muxes := 1     
	   2 Input    1 Bit        Muxes := 31    
	   4 Input    1 Bit        Muxes := 3     
---------------------------------------------------------------------------------
Finished RTL Component Statistics 
---------------------------------------------------------------------------------
---------------------------------------------------------------------------------
Start Part Resource Summary
---------------------------------------------------------------------------------
Part Resources:
DSPs: 240 (col length:80)
BRAMs: 270 (col length: RAMB18 80 RAMB36 40)
---------------------------------------------------------------------------------
Finished Part Resource Summary
---------------------------------------------------------------------------------
---------------------------------------------------------------------------------
Start Cross Boundary and Area Optimization
---------------------------------------------------------------------------------
WARNING: [Synth 8-7080] Parallel synthesis criteria is not met
INFO: [Synth 8-3332] Sequential element (gpio_core_1/Not_Dual.INPUT_DOUBLE_REGS3/GENERATE_LEVEL_P_S_CDC.MULTI_BIT.FOR_CROSS_PLEVEL_IN2SCNDRY_bus_d5[0].CROSS2_PLEVEL_IN2SCNDRY_s_level_out_bus_d5) is unused and will be removed from module axi_gpio.
INFO: [Synth 8-3332] Sequential element (gpio_core_1/Not_Dual.INPUT_DOUBLE_REGS3/GENERATE_LEVEL_P_S_CDC.MULTI_BIT.FOR_CROSS_PLEVEL_IN2SCNDRY_bus_d5[1].CROSS2_PLEVEL_IN2SCNDRY_s_level_out_bus_d5) is unused and will be removed from module axi_gpio.
INFO: [Synth 8-3332] Sequential element (gpio_core_1/Not_Dual.INPUT_DOUBLE_REGS3/GENERATE_LEVEL_P_S_CDC.MULTI_BIT.FOR_CROSS_PLEVEL_IN2SCNDRY_bus_d5[2].CROSS2_PLEVEL_IN2SCNDRY_s_level_out_bus_d5) is unused and will be removed from module axi_gpio.
INFO: [Synth 8-3332] Sequential element (gpio_core_1/Not_Dual.INPUT_DOUBLE_REGS3/GENERATE_LEVEL_P_S_CDC.MULTI_BIT.FOR_CROSS_PLEVEL_IN2SCNDRY_bus_d6[0].CROSS2_PLEVEL_IN2SCNDRY_s_level_out_bus_d6) is unused and will be removed from module axi_gpio.
INFO: [Synth 8-3332] Sequential element (gpio_core_1/Not_Dual.INPUT_DOUBLE_REGS3/GENERATE_LEVEL_P_S_CDC.MULTI_BIT.FOR_CROSS_PLEVEL_IN2SCNDRY_bus_d6[1].CROSS2_PLEVEL_IN2SCNDRY_s_level_out_bus_d6) is unused and will be removed from module axi_gpio.
INFO: [Synth 8-3332] Sequential element (gpio_core_1/Not_Dual.INPUT_DOUBLE_REGS3/GENERATE_LEVEL_P_S_CDC.MULTI_BIT.FOR_CROSS_PLEVEL_IN2SCNDRY_bus_d6[2].CROSS2_PLEVEL_IN2SCNDRY_s_level_out_bus_d6) is unused and will be removed from module axi_gpio.
---------------------------------------------------------------------------------
Finished Cross Boundary and Area Optimization : Time (s): cpu = 00:00:14 ; elapsed = 00:00:15 . Memory (MB): peak = 3197.516 ; gain = 49.523 ; free physical = 1591 ; free virtual = 4048
---------------------------------------------------------------------------------
---------------------------------------------------------------------------------
Start Applying XDC Timing Constraints
---------------------------------------------------------------------------------
---------------------------------------------------------------------------------
Finished Applying XDC Timing Constraints : Time (s): cpu = 00:00:19 ; elapsed = 00:00:20 . Memory (MB): peak = 3235.617 ; gain = 87.625 ; free physical = 1430 ; free virtual = 3891
---------------------------------------------------------------------------------
---------------------------------------------------------------------------------
Start Timing Optimization
---------------------------------------------------------------------------------
---------------------------------------------------------------------------------
Finished Timing Optimization : Time (s): cpu = 00:00:19 ; elapsed = 00:00:20 . Memory (MB): peak = 3235.906 ; gain = 87.914 ; free physical = 1406 ; free virtual = 3868
---------------------------------------------------------------------------------
---------------------------------------------------------------------------------
Start Technology Mapping
---------------------------------------------------------------------------------
---------------------------------------------------------------------------------
Finished Technology Mapping : Time (s): cpu = 00:00:19 ; elapsed = 00:00:21 . Memory (MB): peak = 3236.121 ; gain = 88.129 ; free physical = 1405 ; free virtual = 3866
---------------------------------------------------------------------------------
---------------------------------------------------------------------------------
Start IO Insertion
---------------------------------------------------------------------------------
---------------------------------------------------------------------------------
Start Flattening Before IO Insertion
---------------------------------------------------------------------------------
---------------------------------------------------------------------------------
Finished Flattening Before IO Insertion
---------------------------------------------------------------------------------
---------------------------------------------------------------------------------
Start Final Netlist Cleanup
---------------------------------------------------------------------------------
---------------------------------------------------------------------------------
Finished Final Netlist Cleanup
---------------------------------------------------------------------------------
---------------------------------------------------------------------------------
Finished IO Insertion : Time (s): cpu = 00:00:22 ; elapsed = 00:00:23 . Memory (MB): peak = 3236.227 ; gain = 88.234 ; free physical = 1317 ; free virtual = 3779
---------------------------------------------------------------------------------
---------------------------------------------------------------------------------
Start Renaming Generated Instances
---------------------------------------------------------------------------------
---------------------------------------------------------------------------------
Finished Renaming Generated Instances : Time (s): cpu = 00:00:22 ; elapsed = 00:00:23 . Memory (MB): peak = 3236.246 ; gain = 88.254 ; free physical = 1317 ; free virtual = 3779
---------------------------------------------------------------------------------
---------------------------------------------------------------------------------
Start Rebuilding User Hierarchy
---------------------------------------------------------------------------------
---------------------------------------------------------------------------------
Finished Rebuilding User Hierarchy : Time (s): cpu = 00:00:22 ; elapsed = 00:00:23 . Memory (MB): peak = 3236.301 ; gain = 88.309 ; free physical = 1317 ; free virtual = 3779
---------------------------------------------------------------------------------
---------------------------------------------------------------------------------
Start Renaming Generated Ports
---------------------------------------------------------------------------------
---------------------------------------------------------------------------------
Finished Renaming Generated Ports : Time (s): cpu = 00:00:22 ; elapsed = 00:00:23 . Memory (MB): peak = 3236.309 ; gain = 88.316 ; free physical = 1317 ; free virtual = 3779
---------------------------------------------------------------------------------
---------------------------------------------------------------------------------
Start Handling Custom Attributes
---------------------------------------------------------------------------------
---------------------------------------------------------------------------------
Finished Handling Custom Attributes : Time (s): cpu = 00:00:22 ; elapsed = 00:00:23 . Memory (MB): peak = 3236.324 ; gain = 88.332 ; free physical = 1317 ; free virtual = 3779
---------------------------------------------------------------------------------
---------------------------------------------------------------------------------
Start Renaming Generated Nets
---------------------------------------------------------------------------------
---------------------------------------------------------------------------------
Finished Renaming Generated Nets : Time (s): cpu = 00:00:22 ; elapsed = 00:00:23 . Memory (MB): peak = 3236.328 ; gain = 88.336 ; free physical = 1317 ; free virtual = 3779
---------------------------------------------------------------------------------
---------------------------------------------------------------------------------
Start Writing Synthesis Report
---------------------------------------------------------------------------------

Report BlackBoxes: 
+-+--------------+----------+
| |BlackBox name |Instances |
+-+--------------+----------+
+-+--------------+----------+

Report Cell Usage: 
+------+-----+------+
|      |Cell |Count |
+------+-----+------+
|1     |LUT1 |     2|
|2     |LUT2 |     7|
|3     |LUT3 |    18|
|4     |LUT4 |    14|
|5     |LUT5 |    31|
|6     |LUT6 |    19|
|7     |FDR  |    12|
|8     |FDRE |    81|
|9     |FDSE |     6|
+------+-----+------+
---------------------------------------------------------------------------------
Finished Writing Synthesis Report : Time (s): cpu = 00:00:22 ; elapsed = 00:00:23 . Memory (MB): peak = 3236.359 ; gain = 88.367 ; free physical = 1317 ; free virtual = 3779
---------------------------------------------------------------------------------
Synthesis finished with 0 errors, 0 critical warnings and 37 warnings.
Synthesis Optimization Runtime : Time (s): cpu = 00:00:19 ; elapsed = 00:00:20 . Memory (MB): peak = 3236.391 ; gain = 57.777 ; free physical = 1333 ; free virtual = 3795
Synthesis Optimization Complete : Time (s): cpu = 00:00:22 ; elapsed = 00:00:23 . Memory (MB): peak = 3236.402 ; gain = 88.398 ; free physical = 1333 ; free virtual = 3795
INFO: [Project 1-571] Translating synthesized netlist
Netlist sorting complete. Time (s): cpu = 00:00:00.01 ; elapsed = 00:00:00 . Memory (MB): peak = 3236.441 ; gain = 0.000 ; free physical = 1329 ; free virtual = 3791
INFO: [Netlist 29-17] Analyzing 12 Unisim elements for replacement
INFO: [Netlist 29-28] Unisim Transformation completed in 0 CPU seconds
INFO: [Project 1-570] Preparing netlist for logic optimization
INFO: [Opt 31-138] Pushed 0 inverter(s) to 0 load pin(s).
Netlist sorting complete. Time (s): cpu = 00:00:00 ; elapsed = 00:00:00 . Memory (MB): peak = 3237.965 ; gain = 0.000 ; free physical = 1449 ; free virtual = 3911
INFO: [Project 1-111] Unisim Transformation Summary:
  A total of 12 instances were transformed.
  FDR => FDRE: 12 instances

Synth Design complete, checksum: 83faf525
INFO: [Common 17-83] Releasing license: Synthesis
110 Infos, 105 Warnings, 0 Critical Warnings and 0 Errors encountered.
synth_design completed successfully
synth_design: Time (s): cpu = 00:00:31 ; elapsed = 00:00:28 . Memory (MB): peak = 3238.035 ; gain = 117.535 ; free physical = 1603 ; free virtual = 4064
INFO: [Common 17-1381] The checkpoint '/home/parallels/A7T100_Vivado/A7T100_Vivado.runs/Ece253_BlockDesign_axi_gpio_0_3_synth_1/Ece253_BlockDesign_axi_gpio_0_3.dcp' has been generated.
INFO: [Coretcl 2-1648] Added synthesis output to IP cache for IP Ece253_BlockDesign_axi_gpio_0_3, cache-ID = 3d63dec6ed2badd1
INFO: [Coretcl 2-1174] Renamed 7 cell refs.
INFO: [Common 17-1381] The checkpoint '/home/parallels/A7T100_Vivado/A7T100_Vivado.runs/Ece253_BlockDesign_axi_gpio_0_3_synth_1/Ece253_BlockDesign_axi_gpio_0_3.dcp' has been generated.
INFO: [runtcl-4] Executing : report_utilization -file Ece253_BlockDesign_axi_gpio_0_3_utilization_synth.rpt -pb Ece253_BlockDesign_axi_gpio_0_3_utilization_synth.pb
INFO: [Common 17-206] Exiting Vivado at Mon Nov 18 00:12:32 2024...
