Copyright 1986-2022 Xilinx, Inc. All Rights Reserved.
----------------------------------------------------------------------------------------------------------------------------------------------------------------------------------------------------
| Tool Version     : Vivado v.2022.1 (lin64) Build 3526262 Mon Apr 18 15:47:01 MDT 2022
| Date             : Thu Nov 21 13:49:22 2024
| Host             : vivado-aarch64 running 64-bit Ubuntu 24.04.1 LTS
| Command          : report_power -file Ece253_BlockDesign_wrapper_power_routed.rpt -pb Ece253_BlockDesign_wrapper_power_summary_routed.pb -rpx Ece253_BlockDesign_wrapper_power_routed.rpx
| Design           : Ece253_BlockDesign_wrapper
| Device           : xc7a100tcsg324-1
| Design State     : routed
| Grade            : commercial
| Process          : typical
| Characterization : Production
----------------------------------------------------------------------------------------------------------------------------------------------------------------------------------------------------

Power Report

Table of Contents
-----------------
1. Summary
1.1 On-Chip Components
1.2 Power Supply Summary
1.3 Confidence Level
2. Settings
2.1 Environment
2.2 Clock Constraints
3. Detailed Reports
3.1 By Hierarchy

1. Summary
----------

+--------------------------+--------------+
| Total On-Chip Power (W)  | 1.302        |
| Design Power Budget (W)  | Unspecified* |
| Power Budget Margin (W)  | NA           |
| Dynamic (W)              | 1.189        |
| Device Static (W)        | 0.112        |
| Effective TJA (C/W)      | 4.6          |
| Max Ambient (C)          | 79.1         |
| Junction Temperature (C) | 30.9         |
| Confidence Level         | Low          |
| Setting File             | ---          |
| Simulation Activity File | ---          |
| Design Nets Matched      | NA           |
+--------------------------+--------------+
* Specify Design Power Budget using, set_operating_conditions -design_power_budget <value in Watts>


1.1 On-Chip Components
----------------------

+--------------------------+-----------+----------+-----------+-----------------+
| On-Chip                  | Power (W) | Used     | Available | Utilization (%) |
+--------------------------+-----------+----------+-----------+-----------------+
| Clocks                   |     0.056 |       27 |       --- |             --- |
| Slice Logic              |     0.033 |    29234 |       --- |             --- |
|   LUT as Logic           |     0.027 |    10112 |     63400 |           15.95 |
|   LUT as Distributed RAM |     0.003 |     1074 |     19000 |            5.65 |
|   Register               |     0.002 |    11935 |    126800 |            9.41 |
|   CARRY4                 |    <0.001 |      309 |     15850 |            1.95 |
|   F7/F8 Muxes            |    <0.001 |      299 |     63400 |            0.47 |
|   LUT as Shift Register  |    <0.001 |      353 |     19000 |            1.86 |
|   Others                 |    <0.001 |     1334 |       --- |             --- |
| Signals                  |     0.054 |    20558 |       --- |             --- |
| Block RAM                |     0.131 |       68 |       135 |           50.37 |
| MMCM                     |     0.223 |        2 |         6 |           33.33 |
| PLL                      |     0.089 |        1 |         6 |           16.67 |
| DSPs                     |     0.002 |        3 |       240 |            1.25 |
| I/O                      |     0.526 |       98 |       210 |           46.67 |
| PHASER                   |     0.072 |       14 |       --- |             --- |
| XADC                     |     0.004 |        1 |       --- |             --- |
| Static Power             |     0.112 |          |           |                 |
| Total                    |     1.302 |          |           |                 |
+--------------------------+-----------+----------+-----------+-----------------+


1.2 Power Supply Summary
------------------------

+-----------+-------------+-----------+-------------+------------+-------------+-------------+------------+
| Source    | Voltage (V) | Total (A) | Dynamic (A) | Static (A) | Powerup (A) | Budget (A)  | Margin (A) |
+-----------+-------------+-----------+-------------+------------+-------------+-------------+------------+
| Vccint    |       1.000 |     0.312 |       0.292 |      0.020 |       NA    | Unspecified | NA         |
| Vccaux    |       1.800 |     0.272 |       0.254 |      0.018 |       NA    | Unspecified | NA         |
| Vcco33    |       3.300 |     0.004 |       0.000 |      0.004 |       NA    | Unspecified | NA         |
| Vcco25    |       2.500 |     0.000 |       0.000 |      0.000 |       NA    | Unspecified | NA         |
| Vcco18    |       1.800 |     0.242 |       0.238 |      0.004 |       NA    | Unspecified | NA         |
| Vcco15    |       1.500 |     0.000 |       0.000 |      0.000 |       NA    | Unspecified | NA         |
| Vcco135   |       1.350 |     0.000 |       0.000 |      0.000 |       NA    | Unspecified | NA         |
| Vcco12    |       1.200 |     0.000 |       0.000 |      0.000 |       NA    | Unspecified | NA         |
| Vccaux_io |       1.800 |     0.000 |       0.000 |      0.000 |       NA    | Unspecified | NA         |
| Vccbram   |       1.000 |     0.012 |       0.010 |      0.002 |       NA    | Unspecified | NA         |
| MGTAVcc   |       1.000 |     0.000 |       0.000 |      0.000 |       NA    | Unspecified | NA         |
| MGTAVtt   |       1.200 |     0.000 |       0.000 |      0.000 |       NA    | Unspecified | NA         |
| Vccadc    |       1.800 |     0.022 |       0.002 |      0.020 |       NA    | Unspecified | NA         |
+-----------+-------------+-----------+-------------+------------+-------------+-------------+------------+


1.3 Confidence Level
--------------------

+-----------------------------+------------+--------------------------------------------------------+------------------------------------------------------------------------------------------------------------+
| User Input Data             | Confidence | Details                                                | Action                                                                                                     |
+-----------------------------+------------+--------------------------------------------------------+------------------------------------------------------------------------------------------------------------+
| Design implementation state | High       | Design is routed                                       |                                                                                                            |
| Clock nodes activity        | High       | User specified more than 95% of clocks                 |                                                                                                            |
| I/O nodes activity          | Low        | More than 75% of inputs are missing user specification | Provide missing input activity with simulation results or by editing the "By Resource Type -> I/Os" view   |
| Internal nodes activity     | Medium     | User specified less than 25% of internal nodes         | Provide missing internal nodes activity with simulation results or by editing the "By Resource Type" views |
| Device models               | High       | Device models are Production                           |                                                                                                            |
|                             |            |                                                        |                                                                                                            |
| Overall confidence level    | Low        |                                                        |                                                                                                            |
+-----------------------------+------------+--------------------------------------------------------+------------------------------------------------------------------------------------------------------------+


2. Settings
-----------

2.1 Environment
---------------

+-----------------------+--------------------------+
| Ambient Temp (C)      | 25.0                     |
| ThetaJA (C/W)         | 4.6                      |
| Airflow (LFM)         | 250                      |
| Heat Sink             | medium (Medium Profile)  |
| ThetaSA (C/W)         | 4.6                      |
| Board Selection       | medium (10"x10")         |
| # of Board Layers     | 12to15 (12 to 15 Layers) |
| Board Temperature (C) | 25.0                     |
+-----------------------+--------------------------+


2.2 Clock Constraints
---------------------

+-----------------------------------------------------------------------------------------------------------------------------------------------------------+-----------------------------------------------------------------------------------------------------------------------------------------------------------------------------------------------------------------------------------------------------+-----------------+
| Clock                                                                                                                                                     | Domain                                                                                                                                                                                                                                              | Constraint (ns) |
+-----------------------------------------------------------------------------------------------------------------------------------------------------------+-----------------------------------------------------------------------------------------------------------------------------------------------------------------------------------------------------------------------------------------------------+-----------------+
| Ece253_BlockDesign_i/mdm_1/U0/Use_E2.BSCAN_I/Use_E2.BSCANE2_I/DRCK                                                                                        | Ece253_BlockDesign_i/mdm_1/U0/Use_E2.BSCAN_I/DRCK                                                                                                                                                                                                   |            33.3 |
| Ece253_BlockDesign_i/mdm_1/U0/Use_E2.BSCAN_I/Use_E2.BSCANE2_I/UPDATE                                                                                      | Ece253_BlockDesign_i/mdm_1/U0/Use_E2.BSCAN_I/Dbg_Update_0                                                                                                                                                                                           |            33.3 |
| clk_out1_Ece253_BlockDesign_clk_wiz_0_1                                                                                                                   | Ece253_BlockDesign_i/clk_wiz_0/inst/clk_out1_Ece253_BlockDesign_clk_wiz_0_1                                                                                                                                                                         |           100.0 |
| clk_pll_i                                                                                                                                                 | Ece253_BlockDesign_i/mig_7series_0/u_Ece253_BlockDesign_mig_7series_0_0_mig/u_ddr2_infrastructure/clk_pll_i                                                                                                                                         |            10.0 |
| clk_pll_i                                                                                                                                                 | Ece253_BlockDesign_i/mig_7series_0/u_Ece253_BlockDesign_mig_7series_0_0_mig/u_ddr2_infrastructure/u_bufg_clkdiv0_0                                                                                                                                  |            10.0 |
| clkfbout_Ece253_BlockDesign_clk_wiz_0_1                                                                                                                   | Ece253_BlockDesign_i/clk_wiz_0/inst/clkfbout_Ece253_BlockDesign_clk_wiz_0_1                                                                                                                                                                         |            20.0 |
| clock_rtl                                                                                                                                                 | clock_rtl                                                                                                                                                                                                                                           |            10.0 |
| freq_refclk                                                                                                                                               | Ece253_BlockDesign_i/mig_7series_0/u_Ece253_BlockDesign_mig_7series_0_0_mig/u_ddr2_infrastructure/freq_refclk                                                                                                                                       |             2.5 |
| iserdes_clkdiv                                                                                                                                            | Ece253_BlockDesign_i/mig_7series_0/u_Ece253_BlockDesign_mig_7series_0_0_mig/u_memc_ui_top_axi/mem_intfc0/ddr_phy_top0/u_ddr_mc_phy_wrapper/u_ddr_mc_phy/ddr_phy_4lanes_0.u_ddr_phy_4lanes/ddr_byte_lane_A.ddr_byte_lane_A/iserdes_clkdiv            |            20.0 |
| iserdes_clkdiv_1                                                                                                                                          | Ece253_BlockDesign_i/mig_7series_0/u_Ece253_BlockDesign_mig_7series_0_0_mig/u_memc_ui_top_axi/mem_intfc0/ddr_phy_top0/u_ddr_mc_phy_wrapper/u_ddr_mc_phy/ddr_phy_4lanes_0.u_ddr_phy_4lanes/ddr_byte_lane_C.ddr_byte_lane_C/iserdes_clkdiv            |            20.0 |
| mem_refclk                                                                                                                                                | Ece253_BlockDesign_i/mig_7series_0/u_Ece253_BlockDesign_mig_7series_0_0_mig/u_ddr2_infrastructure/mem_refclk                                                                                                                                        |             5.0 |
| mmcm_clkout0                                                                                                                                              | Ece253_BlockDesign_i/mig_7series_0/u_Ece253_BlockDesign_mig_7series_0_0_mig/u_ddr2_infrastructure/mmcm_clkout0                                                                                                                                      |             5.0 |
| oserdes_clk                                                                                                                                               | Ece253_BlockDesign_i/mig_7series_0/u_Ece253_BlockDesign_mig_7series_0_0_mig/u_memc_ui_top_axi/mem_intfc0/ddr_phy_top0/u_ddr_mc_phy_wrapper/u_ddr_mc_phy/ddr_phy_4lanes_0.u_ddr_phy_4lanes/ddr_byte_lane_A.ddr_byte_lane_A/oserdes_clk               |             5.0 |
| oserdes_clk_1                                                                                                                                             | Ece253_BlockDesign_i/mig_7series_0/u_Ece253_BlockDesign_mig_7series_0_0_mig/u_memc_ui_top_axi/mem_intfc0/ddr_phy_top0/u_ddr_mc_phy_wrapper/u_ddr_mc_phy/ddr_phy_4lanes_0.u_ddr_phy_4lanes/ddr_byte_lane_B.ddr_byte_lane_B/oserdes_clk               |             5.0 |
| oserdes_clk_2                                                                                                                                             | Ece253_BlockDesign_i/mig_7series_0/u_Ece253_BlockDesign_mig_7series_0_0_mig/u_memc_ui_top_axi/mem_intfc0/ddr_phy_top0/u_ddr_mc_phy_wrapper/u_ddr_mc_phy/ddr_phy_4lanes_0.u_ddr_phy_4lanes/ddr_byte_lane_C.ddr_byte_lane_C/oserdes_clk               |             5.0 |
| oserdes_clk_3                                                                                                                                             | Ece253_BlockDesign_i/mig_7series_0/u_Ece253_BlockDesign_mig_7series_0_0_mig/u_memc_ui_top_axi/mem_intfc0/ddr_phy_top0/u_ddr_mc_phy_wrapper/u_ddr_mc_phy/ddr_phy_4lanes_0.u_ddr_phy_4lanes/ddr_byte_lane_D.ddr_byte_lane_D/oserdes_clk               |             5.0 |
| oserdes_clkdiv                                                                                                                                            | Ece253_BlockDesign_i/mig_7series_0/u_Ece253_BlockDesign_mig_7series_0_0_mig/u_memc_ui_top_axi/mem_intfc0/ddr_phy_top0/u_ddr_mc_phy_wrapper/u_ddr_mc_phy/ddr_phy_4lanes_0.u_ddr_phy_4lanes/ddr_byte_lane_A.ddr_byte_lane_A/oserdes_clkdiv            |            10.0 |
| oserdes_clkdiv_1                                                                                                                                          | Ece253_BlockDesign_i/mig_7series_0/u_Ece253_BlockDesign_mig_7series_0_0_mig/u_memc_ui_top_axi/mem_intfc0/ddr_phy_top0/u_ddr_mc_phy_wrapper/u_ddr_mc_phy/ddr_phy_4lanes_0.u_ddr_phy_4lanes/ddr_byte_lane_B.ddr_byte_lane_B/oserdes_clkdiv            |            10.0 |
| oserdes_clkdiv_2                                                                                                                                          | Ece253_BlockDesign_i/mig_7series_0/u_Ece253_BlockDesign_mig_7series_0_0_mig/u_memc_ui_top_axi/mem_intfc0/ddr_phy_top0/u_ddr_mc_phy_wrapper/u_ddr_mc_phy/ddr_phy_4lanes_0.u_ddr_phy_4lanes/ddr_byte_lane_C.ddr_byte_lane_C/oserdes_clkdiv            |            10.0 |
| oserdes_clkdiv_3                                                                                                                                          | Ece253_BlockDesign_i/mig_7series_0/u_Ece253_BlockDesign_mig_7series_0_0_mig/u_memc_ui_top_axi/mem_intfc0/ddr_phy_top0/u_ddr_mc_phy_wrapper/u_ddr_mc_phy/ddr_phy_4lanes_0.u_ddr_phy_4lanes/ddr_byte_lane_D.ddr_byte_lane_D/oserdes_clkdiv            |            10.0 |
| pll_clk3_out                                                                                                                                              | Ece253_BlockDesign_i/mig_7series_0/u_Ece253_BlockDesign_mig_7series_0_0_mig/u_ddr2_infrastructure/pll_clk3_out                                                                                                                                      |            10.0 |
| pll_clkfbout                                                                                                                                              | Ece253_BlockDesign_i/mig_7series_0/u_Ece253_BlockDesign_mig_7series_0_0_mig/u_ddr2_infrastructure/pll_clkfbout                                                                                                                                      |            10.0 |
| sync_pulse                                                                                                                                                | Ece253_BlockDesign_i/mig_7series_0/u_Ece253_BlockDesign_mig_7series_0_0_mig/u_ddr2_infrastructure/sync_pulse                                                                                                                                        |            80.0 |
| u_memc_ui_top_axi/mem_intfc0/ddr_phy_top0/u_ddr_mc_phy_wrapper/u_ddr_mc_phy/ddr_phy_4lanes_0.u_ddr_phy_4lanes/ddr_byte_lane_A.ddr_byte_lane_A/iserdes_clk | Ece253_BlockDesign_i/mig_7series_0/u_Ece253_BlockDesign_mig_7series_0_0_mig/u_memc_ui_top_axi/mem_intfc0/ddr_phy_top0/u_ddr_mc_phy_wrapper/u_ddr_mc_phy/ddr_phy_4lanes_0.u_ddr_phy_4lanes/ddr_byte_lane_A.ddr_byte_lane_A/phaser_in_gen.phaser_in_0 |             5.0 |
| u_memc_ui_top_axi/mem_intfc0/ddr_phy_top0/u_ddr_mc_phy_wrapper/u_ddr_mc_phy/ddr_phy_4lanes_0.u_ddr_phy_4lanes/ddr_byte_lane_C.ddr_byte_lane_C/iserdes_clk | Ece253_BlockDesign_i/mig_7series_0/u_Ece253_BlockDesign_mig_7series_0_0_mig/u_memc_ui_top_axi/mem_intfc0/ddr_phy_top0/u_ddr_mc_phy_wrapper/u_ddr_mc_phy/ddr_phy_4lanes_0.u_ddr_phy_4lanes/ddr_byte_lane_C.ddr_byte_lane_C/phaser_in_gen.phaser_in_0 |             5.0 |
+-----------------------------------------------------------------------------------------------------------------------------------------------------------+-----------------------------------------------------------------------------------------------------------------------------------------------------------------------------------------------------------------------------------------------------+-----------------+


3. Detailed Reports
-------------------

3.1 By Hierarchy
----------------

+------------------------------------------------+-----------+
| Name                                           | Power (W) |
+------------------------------------------------+-----------+
| Ece253_BlockDesign_wrapper                     |     1.189 |
|   Ece253_BlockDesign_i                         |     1.189 |
|     axi_timer_0                                |     0.003 |
|       U0                                       |     0.003 |
|     axi_timer_1                                |     0.003 |
|       U0                                       |     0.003 |
|     clk_wiz_0                                  |     0.107 |
|       inst                                     |     0.107 |
|     mdm_1                                      |     0.001 |
|       U0                                       |     0.001 |
|     microblaze_0                               |     0.158 |
|       U0                                       |     0.158 |
|     microblaze_0_axi_intc                      |     0.001 |
|       U0                                       |     0.001 |
|     microblaze_0_axi_periph                    |     0.001 |
|       xbar                                     |     0.001 |
|     microblaze_0_local_memory                  |     0.012 |
|       lmb_bram                                 |     0.012 |
|     mig_7series_0                              |     0.847 |
|       u_Ece253_BlockDesign_mig_7series_0_0_mig |     0.845 |
|     sevenSeg_0                                 |     0.002 |
|       inst                                     |     0.002 |
|     smartconnect_0                             |     0.048 |
|       inst                                     |     0.048 |
|     spi                                        |     0.003 |
|       U0                                       |     0.003 |
+------------------------------------------------+-----------+


