
*** Running vivado
    with args -log Ece253_BlockDesign_microblaze_0_axi_intc_0.vds -m64 -product Vivado -mode batch -messageDb vivado.pb -notrace -source Ece253_BlockDesign_microblaze_0_axi_intc_0.tcl


****** Vivado v2022.1 (64-bit)
  **** SW Build 3526262 on Mon Apr 18 15:47:01 MDT 2022
  **** IP Build 3524634 on Mon Apr 18 20:55:01 MDT 2022
    ** Copyright 1986-2022 Xilinx, Inc. All Rights Reserved.

source Ece253_BlockDesign_microblaze_0_axi_intc_0.tcl -notrace
INFO: [IP_Flow 19-234] Refreshing IP repositories
INFO: [IP_Flow 19-1700] Loaded user IP repository '/home/parallels/A7T100_Vivado/lab_files_2024/vivado/seven/ip_repo'.
INFO: [IP_Flow 19-2313] Loaded Vivado IP repository '/opt/Xilinx/Vivado/2022.1/data/ip'.
Command: synth_design -top Ece253_BlockDesign_microblaze_0_axi_intc_0 -part xc7a100tcsg324-1 -incremental_mode off -mode out_of_context
Starting synth_design
Attempting to get a license for feature 'Synthesis' and/or device 'xc7a100t'
INFO: [Common 17-349] Got license for feature 'Synthesis' and/or device 'xc7a100t'
INFO: [Device 21-403] Loading part xc7a100tcsg324-1
INFO: [Synth 8-7079] Multithreading enabled for synth_design using a maximum of 4 processes.
INFO: [Synth 8-7078] Launching helper process for spawning children vivado processes
INFO: [Synth 8-7075] Helper process launched with PID 1449698
WARNING: [Synth 8-9501] generate block is allowed only inside loop and conditional generate in SystemVerilog mode [/opt/Xilinx/Vivado/2022.1/data/ip/xpm/xpm_fifo/hdl/xpm_fifo.sv:4023]
---------------------------------------------------------------------------------
Starting RTL Elaboration : Time (s): cpu = 00:00:04 ; elapsed = 00:00:04 . Memory (MB): peak = 3158.898 ; gain = 10.863 ; free physical = 445 ; free virtual = 4485
---------------------------------------------------------------------------------
INFO: [Synth 8-638] synthesizing module 'Ece253_BlockDesign_microblaze_0_axi_intc_0' [/home/parallels/A7T100_Vivado/A7T100_Vivado.gen/sources_1/bd/Ece253_BlockDesign/ip/Ece253_BlockDesign_microblaze_0_axi_intc_0/synth/Ece253_BlockDesign_microblaze_0_axi_intc_0.vhd:89]
	Parameter C_FAMILY bound to: artix7 - type: string 
	Parameter C_INSTANCE bound to: Ece253_BlockDesign_microblaze_0_axi_intc_0 - type: string 
	Parameter C_S_AXI_ADDR_WIDTH bound to: 9 - type: integer 
	Parameter C_S_AXI_DATA_WIDTH bound to: 32 - type: integer 
	Parameter C_NUM_INTR_INPUTS bound to: 4 - type: integer 
	Parameter C_NUM_SW_INTR bound to: 0 - type: integer 
	Parameter C_KIND_OF_INTR bound to: 32'b11111111111111111111111111110001 
	Parameter C_KIND_OF_EDGE bound to: 32'b11111111111111111111111111111111 
	Parameter C_KIND_OF_LVL bound to: 32'b11111111111111111111111111111111 
	Parameter C_ASYNC_INTR bound to: 32'b11111111111111111111111111110001 
	Parameter C_NUM_SYNC_FF bound to: 2 - type: integer 
	Parameter C_ADDR_WIDTH bound to: 32 - type: integer 
	Parameter C_IVAR_RESET_VALUE bound to: 64'b0000000000000000000000000000000000000000000000000000000000010000 
	Parameter C_ENABLE_ASYNC bound to: 0 - type: integer 
	Parameter C_HAS_IPR bound to: 1 - type: integer 
	Parameter C_HAS_SIE bound to: 1 - type: integer 
	Parameter C_HAS_CIE bound to: 1 - type: integer 
	Parameter C_HAS_IVR bound to: 1 - type: integer 
	Parameter C_HAS_ILR bound to: 0 - type: integer 
	Parameter C_IRQ_IS_LEVEL bound to: 1 - type: integer 
	Parameter C_IRQ_ACTIVE bound to: 1'b1 
	Parameter C_DISABLE_SYNCHRONIZERS bound to: 1 - type: integer 
	Parameter C_MB_CLK_NOT_CONNECTED bound to: 1 - type: integer 
	Parameter C_HAS_FAST bound to: 1 - type: integer 
	Parameter C_EN_CASCADE_MODE bound to: 0 - type: integer 
	Parameter C_CASCADE_MASTER bound to: 0 - type: integer 
INFO: [Synth 8-3491] module 'axi_intc' declared at '/home/parallels/A7T100_Vivado/A7T100_Vivado.gen/sources_1/bd/Ece253_BlockDesign/ipshared/802b/hdl/axi_intc_v4_1_vh_rfs.vhd:3452' bound to instance 'U0' of component 'axi_intc' [/home/parallels/A7T100_Vivado/A7T100_Vivado.gen/sources_1/bd/Ece253_BlockDesign/ip/Ece253_BlockDesign_microblaze_0_axi_intc_0/synth/Ece253_BlockDesign_microblaze_0_axi_intc_0.vhd:195]
INFO: [Synth 8-638] synthesizing module 'axi_intc' [/home/parallels/A7T100_Vivado/A7T100_Vivado.gen/sources_1/bd/Ece253_BlockDesign/ipshared/802b/hdl/axi_intc_v4_1_vh_rfs.vhd:3553]
INFO: [Synth 8-638] synthesizing module 'intc_core' [/home/parallels/A7T100_Vivado/A7T100_Vivado.gen/sources_1/bd/Ece253_BlockDesign/ipshared/802b/hdl/axi_intc_v4_1_vh_rfs.vhd:794]
INFO: [Synth 8-638] synthesizing module 'shared_ram_ivar' [/home/parallels/A7T100_Vivado/A7T100_Vivado.gen/sources_1/bd/Ece253_BlockDesign/ipshared/802b/hdl/axi_intc_v4_1_vh_rfs.vhd:320]
INFO: [Synth 8-256] done synthesizing module 'shared_ram_ivar' (0#1) [/home/parallels/A7T100_Vivado/A7T100_Vivado.gen/sources_1/bd/Ece253_BlockDesign/ipshared/802b/hdl/axi_intc_v4_1_vh_rfs.vhd:320]
INFO: [Synth 8-256] done synthesizing module 'intc_core' (0#1) [/home/parallels/A7T100_Vivado/A7T100_Vivado.gen/sources_1/bd/Ece253_BlockDesign/ipshared/802b/hdl/axi_intc_v4_1_vh_rfs.vhd:794]
INFO: [Synth 8-638] synthesizing module 'axi_lite_ipif' [/home/parallels/A7T100_Vivado/A7T100_Vivado.gen/sources_1/bd/Ece253_BlockDesign/ipshared/66ea/hdl/axi_lite_ipif_v3_0_vh_rfs.vhd:2948]
INFO: [Synth 8-638] synthesizing module 'slave_attachment' [/home/parallels/A7T100_Vivado/A7T100_Vivado.gen/sources_1/bd/Ece253_BlockDesign/ipshared/66ea/hdl/axi_lite_ipif_v3_0_vh_rfs.vhd:2341]
INFO: [Synth 8-638] synthesizing module 'address_decoder' [/home/parallels/A7T100_Vivado/A7T100_Vivado.gen/sources_1/bd/Ece253_BlockDesign/ipshared/66ea/hdl/axi_lite_ipif_v3_0_vh_rfs.vhd:1775]
INFO: [Synth 8-638] synthesizing module 'pselect_f' [/home/parallels/A7T100_Vivado/A7T100_Vivado.gen/sources_1/bd/Ece253_BlockDesign/ipshared/66ea/hdl/axi_lite_ipif_v3_0_vh_rfs.vhd:1534]
INFO: [Synth 8-256] done synthesizing module 'pselect_f' (0#1) [/home/parallels/A7T100_Vivado/A7T100_Vivado.gen/sources_1/bd/Ece253_BlockDesign/ipshared/66ea/hdl/axi_lite_ipif_v3_0_vh_rfs.vhd:1534]
INFO: [Synth 8-638] synthesizing module 'pselect_f__parameterized0' [/home/parallels/A7T100_Vivado/A7T100_Vivado.gen/sources_1/bd/Ece253_BlockDesign/ipshared/66ea/hdl/axi_lite_ipif_v3_0_vh_rfs.vhd:1534]
INFO: [Synth 8-256] done synthesizing module 'pselect_f__parameterized0' (0#1) [/home/parallels/A7T100_Vivado/A7T100_Vivado.gen/sources_1/bd/Ece253_BlockDesign/ipshared/66ea/hdl/axi_lite_ipif_v3_0_vh_rfs.vhd:1534]
INFO: [Synth 8-638] synthesizing module 'pselect_f__parameterized1' [/home/parallels/A7T100_Vivado/A7T100_Vivado.gen/sources_1/bd/Ece253_BlockDesign/ipshared/66ea/hdl/axi_lite_ipif_v3_0_vh_rfs.vhd:1534]
INFO: [Synth 8-256] done synthesizing module 'pselect_f__parameterized1' (0#1) [/home/parallels/A7T100_Vivado/A7T100_Vivado.gen/sources_1/bd/Ece253_BlockDesign/ipshared/66ea/hdl/axi_lite_ipif_v3_0_vh_rfs.vhd:1534]
INFO: [Synth 8-638] synthesizing module 'pselect_f__parameterized2' [/home/parallels/A7T100_Vivado/A7T100_Vivado.gen/sources_1/bd/Ece253_BlockDesign/ipshared/66ea/hdl/axi_lite_ipif_v3_0_vh_rfs.vhd:1534]
INFO: [Synth 8-256] done synthesizing module 'pselect_f__parameterized2' (0#1) [/home/parallels/A7T100_Vivado/A7T100_Vivado.gen/sources_1/bd/Ece253_BlockDesign/ipshared/66ea/hdl/axi_lite_ipif_v3_0_vh_rfs.vhd:1534]
INFO: [Synth 8-638] synthesizing module 'pselect_f__parameterized3' [/home/parallels/A7T100_Vivado/A7T100_Vivado.gen/sources_1/bd/Ece253_BlockDesign/ipshared/66ea/hdl/axi_lite_ipif_v3_0_vh_rfs.vhd:1534]
INFO: [Synth 8-256] done synthesizing module 'pselect_f__parameterized3' (0#1) [/home/parallels/A7T100_Vivado/A7T100_Vivado.gen/sources_1/bd/Ece253_BlockDesign/ipshared/66ea/hdl/axi_lite_ipif_v3_0_vh_rfs.vhd:1534]
INFO: [Synth 8-638] synthesizing module 'pselect_f__parameterized4' [/home/parallels/A7T100_Vivado/A7T100_Vivado.gen/sources_1/bd/Ece253_BlockDesign/ipshared/66ea/hdl/axi_lite_ipif_v3_0_vh_rfs.vhd:1534]
INFO: [Synth 8-256] done synthesizing module 'pselect_f__parameterized4' (0#1) [/home/parallels/A7T100_Vivado/A7T100_Vivado.gen/sources_1/bd/Ece253_BlockDesign/ipshared/66ea/hdl/axi_lite_ipif_v3_0_vh_rfs.vhd:1534]
INFO: [Synth 8-638] synthesizing module 'pselect_f__parameterized5' [/home/parallels/A7T100_Vivado/A7T100_Vivado.gen/sources_1/bd/Ece253_BlockDesign/ipshared/66ea/hdl/axi_lite_ipif_v3_0_vh_rfs.vhd:1534]
INFO: [Synth 8-256] done synthesizing module 'pselect_f__parameterized5' (0#1) [/home/parallels/A7T100_Vivado/A7T100_Vivado.gen/sources_1/bd/Ece253_BlockDesign/ipshared/66ea/hdl/axi_lite_ipif_v3_0_vh_rfs.vhd:1534]
INFO: [Synth 8-638] synthesizing module 'pselect_f__parameterized6' [/home/parallels/A7T100_Vivado/A7T100_Vivado.gen/sources_1/bd/Ece253_BlockDesign/ipshared/66ea/hdl/axi_lite_ipif_v3_0_vh_rfs.vhd:1534]
INFO: [Synth 8-256] done synthesizing module 'pselect_f__parameterized6' (0#1) [/home/parallels/A7T100_Vivado/A7T100_Vivado.gen/sources_1/bd/Ece253_BlockDesign/ipshared/66ea/hdl/axi_lite_ipif_v3_0_vh_rfs.vhd:1534]
INFO: [Synth 8-638] synthesizing module 'pselect_f__parameterized7' [/home/parallels/A7T100_Vivado/A7T100_Vivado.gen/sources_1/bd/Ece253_BlockDesign/ipshared/66ea/hdl/axi_lite_ipif_v3_0_vh_rfs.vhd:1534]
INFO: [Synth 8-256] done synthesizing module 'pselect_f__parameterized7' (0#1) [/home/parallels/A7T100_Vivado/A7T100_Vivado.gen/sources_1/bd/Ece253_BlockDesign/ipshared/66ea/hdl/axi_lite_ipif_v3_0_vh_rfs.vhd:1534]
INFO: [Synth 8-638] synthesizing module 'pselect_f__parameterized8' [/home/parallels/A7T100_Vivado/A7T100_Vivado.gen/sources_1/bd/Ece253_BlockDesign/ipshared/66ea/hdl/axi_lite_ipif_v3_0_vh_rfs.vhd:1534]
INFO: [Synth 8-256] done synthesizing module 'pselect_f__parameterized8' (0#1) [/home/parallels/A7T100_Vivado/A7T100_Vivado.gen/sources_1/bd/Ece253_BlockDesign/ipshared/66ea/hdl/axi_lite_ipif_v3_0_vh_rfs.vhd:1534]
INFO: [Synth 8-638] synthesizing module 'pselect_f__parameterized9' [/home/parallels/A7T100_Vivado/A7T100_Vivado.gen/sources_1/bd/Ece253_BlockDesign/ipshared/66ea/hdl/axi_lite_ipif_v3_0_vh_rfs.vhd:1534]
INFO: [Synth 8-256] done synthesizing module 'pselect_f__parameterized9' (0#1) [/home/parallels/A7T100_Vivado/A7T100_Vivado.gen/sources_1/bd/Ece253_BlockDesign/ipshared/66ea/hdl/axi_lite_ipif_v3_0_vh_rfs.vhd:1534]
INFO: [Synth 8-638] synthesizing module 'pselect_f__parameterized10' [/home/parallels/A7T100_Vivado/A7T100_Vivado.gen/sources_1/bd/Ece253_BlockDesign/ipshared/66ea/hdl/axi_lite_ipif_v3_0_vh_rfs.vhd:1534]
INFO: [Synth 8-256] done synthesizing module 'pselect_f__parameterized10' (0#1) [/home/parallels/A7T100_Vivado/A7T100_Vivado.gen/sources_1/bd/Ece253_BlockDesign/ipshared/66ea/hdl/axi_lite_ipif_v3_0_vh_rfs.vhd:1534]
INFO: [Synth 8-638] synthesizing module 'pselect_f__parameterized11' [/home/parallels/A7T100_Vivado/A7T100_Vivado.gen/sources_1/bd/Ece253_BlockDesign/ipshared/66ea/hdl/axi_lite_ipif_v3_0_vh_rfs.vhd:1534]
INFO: [Synth 8-256] done synthesizing module 'pselect_f__parameterized11' (0#1) [/home/parallels/A7T100_Vivado/A7T100_Vivado.gen/sources_1/bd/Ece253_BlockDesign/ipshared/66ea/hdl/axi_lite_ipif_v3_0_vh_rfs.vhd:1534]
INFO: [Synth 8-638] synthesizing module 'pselect_f__parameterized12' [/home/parallels/A7T100_Vivado/A7T100_Vivado.gen/sources_1/bd/Ece253_BlockDesign/ipshared/66ea/hdl/axi_lite_ipif_v3_0_vh_rfs.vhd:1534]
INFO: [Synth 8-256] done synthesizing module 'pselect_f__parameterized12' (0#1) [/home/parallels/A7T100_Vivado/A7T100_Vivado.gen/sources_1/bd/Ece253_BlockDesign/ipshared/66ea/hdl/axi_lite_ipif_v3_0_vh_rfs.vhd:1534]
INFO: [Synth 8-638] synthesizing module 'pselect_f__parameterized13' [/home/parallels/A7T100_Vivado/A7T100_Vivado.gen/sources_1/bd/Ece253_BlockDesign/ipshared/66ea/hdl/axi_lite_ipif_v3_0_vh_rfs.vhd:1534]
INFO: [Synth 8-256] done synthesizing module 'pselect_f__parameterized13' (0#1) [/home/parallels/A7T100_Vivado/A7T100_Vivado.gen/sources_1/bd/Ece253_BlockDesign/ipshared/66ea/hdl/axi_lite_ipif_v3_0_vh_rfs.vhd:1534]
INFO: [Synth 8-638] synthesizing module 'pselect_f__parameterized14' [/home/parallels/A7T100_Vivado/A7T100_Vivado.gen/sources_1/bd/Ece253_BlockDesign/ipshared/66ea/hdl/axi_lite_ipif_v3_0_vh_rfs.vhd:1534]
INFO: [Synth 8-256] done synthesizing module 'pselect_f__parameterized14' (0#1) [/home/parallels/A7T100_Vivado/A7T100_Vivado.gen/sources_1/bd/Ece253_BlockDesign/ipshared/66ea/hdl/axi_lite_ipif_v3_0_vh_rfs.vhd:1534]
INFO: [Synth 8-638] synthesizing module 'pselect_f__parameterized15' [/home/parallels/A7T100_Vivado/A7T100_Vivado.gen/sources_1/bd/Ece253_BlockDesign/ipshared/66ea/hdl/axi_lite_ipif_v3_0_vh_rfs.vhd:1534]
INFO: [Synth 8-256] done synthesizing module 'pselect_f__parameterized15' (0#1) [/home/parallels/A7T100_Vivado/A7T100_Vivado.gen/sources_1/bd/Ece253_BlockDesign/ipshared/66ea/hdl/axi_lite_ipif_v3_0_vh_rfs.vhd:1534]
INFO: [Synth 8-638] synthesizing module 'pselect_f__parameterized16' [/home/parallels/A7T100_Vivado/A7T100_Vivado.gen/sources_1/bd/Ece253_BlockDesign/ipshared/66ea/hdl/axi_lite_ipif_v3_0_vh_rfs.vhd:1534]
INFO: [Synth 8-256] done synthesizing module 'pselect_f__parameterized16' (0#1) [/home/parallels/A7T100_Vivado/A7T100_Vivado.gen/sources_1/bd/Ece253_BlockDesign/ipshared/66ea/hdl/axi_lite_ipif_v3_0_vh_rfs.vhd:1534]
INFO: [Synth 8-638] synthesizing module 'pselect_f__parameterized17' [/home/parallels/A7T100_Vivado/A7T100_Vivado.gen/sources_1/bd/Ece253_BlockDesign/ipshared/66ea/hdl/axi_lite_ipif_v3_0_vh_rfs.vhd:1534]
INFO: [Synth 8-256] done synthesizing module 'pselect_f__parameterized17' (0#1) [/home/parallels/A7T100_Vivado/A7T100_Vivado.gen/sources_1/bd/Ece253_BlockDesign/ipshared/66ea/hdl/axi_lite_ipif_v3_0_vh_rfs.vhd:1534]
INFO: [Synth 8-638] synthesizing module 'pselect_f__parameterized18' [/home/parallels/A7T100_Vivado/A7T100_Vivado.gen/sources_1/bd/Ece253_BlockDesign/ipshared/66ea/hdl/axi_lite_ipif_v3_0_vh_rfs.vhd:1534]
INFO: [Synth 8-256] done synthesizing module 'pselect_f__parameterized18' (0#1) [/home/parallels/A7T100_Vivado/A7T100_Vivado.gen/sources_1/bd/Ece253_BlockDesign/ipshared/66ea/hdl/axi_lite_ipif_v3_0_vh_rfs.vhd:1534]
INFO: [Synth 8-638] synthesizing module 'pselect_f__parameterized19' [/home/parallels/A7T100_Vivado/A7T100_Vivado.gen/sources_1/bd/Ece253_BlockDesign/ipshared/66ea/hdl/axi_lite_ipif_v3_0_vh_rfs.vhd:1534]
INFO: [Synth 8-256] done synthesizing module 'pselect_f__parameterized19' (0#1) [/home/parallels/A7T100_Vivado/A7T100_Vivado.gen/sources_1/bd/Ece253_BlockDesign/ipshared/66ea/hdl/axi_lite_ipif_v3_0_vh_rfs.vhd:1534]
INFO: [Synth 8-256] done synthesizing module 'address_decoder' (0#1) [/home/parallels/A7T100_Vivado/A7T100_Vivado.gen/sources_1/bd/Ece253_BlockDesign/ipshared/66ea/hdl/axi_lite_ipif_v3_0_vh_rfs.vhd:1775]
INFO: [Synth 8-226] default block is never used [/home/parallels/A7T100_Vivado/A7T100_Vivado.gen/sources_1/bd/Ece253_BlockDesign/ipshared/66ea/hdl/axi_lite_ipif_v3_0_vh_rfs.vhd:2550]
INFO: [Synth 8-256] done synthesizing module 'slave_attachment' (0#1) [/home/parallels/A7T100_Vivado/A7T100_Vivado.gen/sources_1/bd/Ece253_BlockDesign/ipshared/66ea/hdl/axi_lite_ipif_v3_0_vh_rfs.vhd:2341]
INFO: [Synth 8-256] done synthesizing module 'axi_lite_ipif' (0#1) [/home/parallels/A7T100_Vivado/A7T100_Vivado.gen/sources_1/bd/Ece253_BlockDesign/ipshared/66ea/hdl/axi_lite_ipif_v3_0_vh_rfs.vhd:2948]
INFO: [Synth 8-256] done synthesizing module 'axi_intc' (0#1) [/home/parallels/A7T100_Vivado/A7T100_Vivado.gen/sources_1/bd/Ece253_BlockDesign/ipshared/802b/hdl/axi_intc_v4_1_vh_rfs.vhd:3553]
INFO: [Synth 8-256] done synthesizing module 'Ece253_BlockDesign_microblaze_0_axi_intc_0' (0#1) [/home/parallels/A7T100_Vivado/A7T100_Vivado.gen/sources_1/bd/Ece253_BlockDesign/ip/Ece253_BlockDesign_microblaze_0_axi_intc_0/synth/Ece253_BlockDesign_microblaze_0_axi_intc_0.vhd:89]
WARNING: [Synth 8-6014] Unused sequential element ACK_EN_SYNC_ON_AXI_CLK_GEN.NO_CASCADE_MASTER.second_ack_sync_d3_reg was removed.  [/home/parallels/A7T100_Vivado/A7T100_Vivado.gen/sources_1/bd/Ece253_BlockDesign/ipshared/802b/hdl/axi_intc_v4_1_vh_rfs.vhd:1330]
WARNING: [Synth 8-7129] Port A[1] in module pselect_f__parameterized17 is either unconnected or has no load
WARNING: [Synth 8-7129] Port A[2] in module pselect_f__parameterized17 is either unconnected or has no load
WARNING: [Synth 8-7129] Port A[3] in module pselect_f__parameterized17 is either unconnected or has no load
WARNING: [Synth 8-7129] Port A[4] in module pselect_f__parameterized17 is either unconnected or has no load
WARNING: [Synth 8-7129] Port A[5] in module pselect_f__parameterized17 is either unconnected or has no load
WARNING: [Synth 8-7129] Port A[6] in module pselect_f__parameterized17 is either unconnected or has no load
WARNING: [Synth 8-7129] Port A[7] in module pselect_f__parameterized17 is either unconnected or has no load
WARNING: [Synth 8-7129] Port A[8] in module pselect_f__parameterized17 is either unconnected or has no load
WARNING: [Synth 8-7129] Port A[2] in module pselect_f__parameterized16 is either unconnected or has no load
WARNING: [Synth 8-7129] Port A[3] in module pselect_f__parameterized16 is either unconnected or has no load
WARNING: [Synth 8-7129] Port A[4] in module pselect_f__parameterized16 is either unconnected or has no load
WARNING: [Synth 8-7129] Port A[5] in module pselect_f__parameterized16 is either unconnected or has no load
WARNING: [Synth 8-7129] Port A[6] in module pselect_f__parameterized16 is either unconnected or has no load
WARNING: [Synth 8-7129] Port A[7] in module pselect_f__parameterized16 is either unconnected or has no load
WARNING: [Synth 8-7129] Port A[8] in module pselect_f__parameterized16 is either unconnected or has no load
WARNING: [Synth 8-7129] Port A[3] in module pselect_f is either unconnected or has no load
WARNING: [Synth 8-7129] Port A[4] in module pselect_f is either unconnected or has no load
WARNING: [Synth 8-7129] Port A[5] in module pselect_f is either unconnected or has no load
WARNING: [Synth 8-7129] Port A[6] in module pselect_f is either unconnected or has no load
WARNING: [Synth 8-7129] Port A[7] in module pselect_f is either unconnected or has no load
WARNING: [Synth 8-7129] Port A[8] in module pselect_f is either unconnected or has no load
WARNING: [Synth 8-7129] Port Bus_RNW in module address_decoder is either unconnected or has no load
WARNING: [Synth 8-7129] Port Bus2ip_rdce[3] in module intc_core is either unconnected or has no load
WARNING: [Synth 8-7129] Port Bus2ip_rdce[4] in module intc_core is either unconnected or has no load
WARNING: [Synth 8-7129] Port Bus2ip_rdce[5] in module intc_core is either unconnected or has no load
WARNING: [Synth 8-7129] Port Bus2ip_rdce[10] in module intc_core is either unconnected or has no load
WARNING: [Synth 8-7129] Port Bus2ip_rdce[11] in module intc_core is either unconnected or has no load
WARNING: [Synth 8-7129] Port Bus2ip_rdce[12] in module intc_core is either unconnected or has no load
WARNING: [Synth 8-7129] Port Bus2ip_rdce[13] in module intc_core is either unconnected or has no load
WARNING: [Synth 8-7129] Port Bus2ip_rdce[14] in module intc_core is either unconnected or has no load
WARNING: [Synth 8-7129] Port Bus2ip_rdce[15] in module intc_core is either unconnected or has no load
WARNING: [Synth 8-7129] Port Bus2ip_rdce[17] in module intc_core is either unconnected or has no load
WARNING: [Synth 8-7129] Port Bus2ip_rdce[18] in module intc_core is either unconnected or has no load
WARNING: [Synth 8-7129] Port Bus2ip_wrce[1] in module intc_core is either unconnected or has no load
WARNING: [Synth 8-7129] Port Bus2ip_wrce[6] in module intc_core is either unconnected or has no load
WARNING: [Synth 8-7129] Port Bus2ip_wrce[9] in module intc_core is either unconnected or has no load
WARNING: [Synth 8-7129] Port Bus2ip_wrce[10] in module intc_core is either unconnected or has no load
WARNING: [Synth 8-7129] Port Bus2ip_wrce[11] in module intc_core is either unconnected or has no load
WARNING: [Synth 8-7129] Port Bus2ip_wrce[12] in module intc_core is either unconnected or has no load
WARNING: [Synth 8-7129] Port Bus2ip_wrce[13] in module intc_core is either unconnected or has no load
WARNING: [Synth 8-7129] Port Bus2ip_wrce[14] in module intc_core is either unconnected or has no load
WARNING: [Synth 8-7129] Port Bus2ip_wrce[15] in module intc_core is either unconnected or has no load
WARNING: [Synth 8-7129] Port Bus2ip_wrce[17] in module intc_core is either unconnected or has no load
WARNING: [Synth 8-7129] Port Bus2ip_wrce[18] in module intc_core is either unconnected or has no load
WARNING: [Synth 8-7129] Port Processor_clk in module intc_core is either unconnected or has no load
WARNING: [Synth 8-7129] Port processor_rst in module intc_core is either unconnected or has no load
WARNING: [Synth 8-7129] Port Interrupt_address_in[31] in module intc_core is either unconnected or has no load
WARNING: [Synth 8-7129] Port Interrupt_address_in[30] in module intc_core is either unconnected or has no load
WARNING: [Synth 8-7129] Port Interrupt_address_in[29] in module intc_core is either unconnected or has no load
WARNING: [Synth 8-7129] Port Interrupt_address_in[28] in module intc_core is either unconnected or has no load
WARNING: [Synth 8-7129] Port Interrupt_address_in[27] in module intc_core is either unconnected or has no load
WARNING: [Synth 8-7129] Port Interrupt_address_in[26] in module intc_core is either unconnected or has no load
WARNING: [Synth 8-7129] Port Interrupt_address_in[25] in module intc_core is either unconnected or has no load
WARNING: [Synth 8-7129] Port Interrupt_address_in[24] in module intc_core is either unconnected or has no load
WARNING: [Synth 8-7129] Port Interrupt_address_in[23] in module intc_core is either unconnected or has no load
WARNING: [Synth 8-7129] Port Interrupt_address_in[22] in module intc_core is either unconnected or has no load
WARNING: [Synth 8-7129] Port Interrupt_address_in[21] in module intc_core is either unconnected or has no load
WARNING: [Synth 8-7129] Port Interrupt_address_in[20] in module intc_core is either unconnected or has no load
WARNING: [Synth 8-7129] Port Interrupt_address_in[19] in module intc_core is either unconnected or has no load
WARNING: [Synth 8-7129] Port Interrupt_address_in[18] in module intc_core is either unconnected or has no load
WARNING: [Synth 8-7129] Port Interrupt_address_in[17] in module intc_core is either unconnected or has no load
WARNING: [Synth 8-7129] Port Interrupt_address_in[16] in module intc_core is either unconnected or has no load
WARNING: [Synth 8-7129] Port Interrupt_address_in[15] in module intc_core is either unconnected or has no load
WARNING: [Synth 8-7129] Port Interrupt_address_in[14] in module intc_core is either unconnected or has no load
WARNING: [Synth 8-7129] Port Interrupt_address_in[13] in module intc_core is either unconnected or has no load
WARNING: [Synth 8-7129] Port Interrupt_address_in[12] in module intc_core is either unconnected or has no load
WARNING: [Synth 8-7129] Port Interrupt_address_in[11] in module intc_core is either unconnected or has no load
WARNING: [Synth 8-7129] Port Interrupt_address_in[10] in module intc_core is either unconnected or has no load
WARNING: [Synth 8-7129] Port Interrupt_address_in[9] in module intc_core is either unconnected or has no load
WARNING: [Synth 8-7129] Port Interrupt_address_in[8] in module intc_core is either unconnected or has no load
WARNING: [Synth 8-7129] Port Interrupt_address_in[7] in module intc_core is either unconnected or has no load
WARNING: [Synth 8-7129] Port Interrupt_address_in[6] in module intc_core is either unconnected or has no load
WARNING: [Synth 8-7129] Port Interrupt_address_in[5] in module intc_core is either unconnected or has no load
WARNING: [Synth 8-7129] Port Interrupt_address_in[4] in module intc_core is either unconnected or has no load
WARNING: [Synth 8-7129] Port Interrupt_address_in[3] in module intc_core is either unconnected or has no load
WARNING: [Synth 8-7129] Port Interrupt_address_in[2] in module intc_core is either unconnected or has no load
WARNING: [Synth 8-7129] Port Interrupt_address_in[1] in module intc_core is either unconnected or has no load
WARNING: [Synth 8-7129] Port Interrupt_address_in[0] in module intc_core is either unconnected or has no load
WARNING: [Synth 8-7129] Port irq_in in module axi_intc is either unconnected or has no load
---------------------------------------------------------------------------------
Finished RTL Elaboration : Time (s): cpu = 00:00:05 ; elapsed = 00:00:05 . Memory (MB): peak = 3162.285 ; gain = 14.250 ; free physical = 1360 ; free virtual = 5401
---------------------------------------------------------------------------------
---------------------------------------------------------------------------------
Start Handling Custom Attributes
---------------------------------------------------------------------------------
---------------------------------------------------------------------------------
Finished Handling Custom Attributes : Time (s): cpu = 00:00:05 ; elapsed = 00:00:06 . Memory (MB): peak = 3162.508 ; gain = 14.473 ; free physical = 1360 ; free virtual = 5401
---------------------------------------------------------------------------------
---------------------------------------------------------------------------------
Finished RTL Optimization Phase 1 : Time (s): cpu = 00:00:05 ; elapsed = 00:00:06 . Memory (MB): peak = 3162.508 ; gain = 14.473 ; free physical = 1360 ; free virtual = 5401
---------------------------------------------------------------------------------
Netlist sorting complete. Time (s): cpu = 00:00:00.01 ; elapsed = 00:00:00.01 . Memory (MB): peak = 3163.168 ; gain = 0.062 ; free physical = 1350 ; free virtual = 5391
INFO: [Project 1-570] Preparing netlist for logic optimization

Processing XDC Constraints
Initializing timing engine
Parsing XDC File [/home/parallels/A7T100_Vivado/A7T100_Vivado.gen/sources_1/bd/Ece253_BlockDesign/ip/Ece253_BlockDesign_microblaze_0_axi_intc_0/Ece253_BlockDesign_microblaze_0_axi_intc_0_ooc.xdc] for cell 'U0'
Finished Parsing XDC File [/home/parallels/A7T100_Vivado/A7T100_Vivado.gen/sources_1/bd/Ece253_BlockDesign/ip/Ece253_BlockDesign_microblaze_0_axi_intc_0/Ece253_BlockDesign_microblaze_0_axi_intc_0_ooc.xdc] for cell 'U0'
Parsing XDC File [/home/parallels/A7T100_Vivado/A7T100_Vivado.gen/sources_1/bd/Ece253_BlockDesign/ip/Ece253_BlockDesign_microblaze_0_axi_intc_0/Ece253_BlockDesign_microblaze_0_axi_intc_0.xdc] for cell 'U0'
Finished Parsing XDC File [/home/parallels/A7T100_Vivado/A7T100_Vivado.gen/sources_1/bd/Ece253_BlockDesign/ip/Ece253_BlockDesign_microblaze_0_axi_intc_0/Ece253_BlockDesign_microblaze_0_axi_intc_0.xdc] for cell 'U0'
Parsing XDC File [/home/parallels/A7T100_Vivado/A7T100_Vivado.runs/Ece253_BlockDesign_microblaze_0_axi_intc_0_synth_1/dont_touch.xdc]
Finished Parsing XDC File [/home/parallels/A7T100_Vivado/A7T100_Vivado.runs/Ece253_BlockDesign_microblaze_0_axi_intc_0_synth_1/dont_touch.xdc]
Parsing XDC File [/home/parallels/A7T100_Vivado/A7T100_Vivado.gen/sources_1/bd/Ece253_BlockDesign/ip/Ece253_BlockDesign_microblaze_0_axi_intc_0/Ece253_BlockDesign_microblaze_0_axi_intc_0_clocks.xdc] for cell 'U0'
Finished Parsing XDC File [/home/parallels/A7T100_Vivado/A7T100_Vivado.gen/sources_1/bd/Ece253_BlockDesign/ip/Ece253_BlockDesign_microblaze_0_axi_intc_0/Ece253_BlockDesign_microblaze_0_axi_intc_0_clocks.xdc] for cell 'U0'
Completed Processing XDC Constraints

Netlist sorting complete. Time (s): cpu = 00:00:00 ; elapsed = 00:00:00 . Memory (MB): peak = 3192.105 ; gain = 0.000 ; free physical = 1358 ; free virtual = 5399
INFO: [Project 1-111] Unisim Transformation Summary:
No Unisim elements were transformed.

Constraint Validation Runtime : Time (s): cpu = 00:00:00.04 ; elapsed = 00:00:00.05 . Memory (MB): peak = 3192.656 ; gain = 0.535 ; free physical = 1364 ; free virtual = 5405
INFO: [Designutils 20-5008] Incremental synthesis strategy off
---------------------------------------------------------------------------------
Finished Constraint Validation : Time (s): cpu = 00:00:12 ; elapsed = 00:00:12 . Memory (MB): peak = 3194.668 ; gain = 46.633 ; free physical = 1389 ; free virtual = 5436
---------------------------------------------------------------------------------
---------------------------------------------------------------------------------
Start Loading Part and Timing Information
---------------------------------------------------------------------------------
Loading part: xc7a100tcsg324-1
---------------------------------------------------------------------------------
Finished Loading Part and Timing Information : Time (s): cpu = 00:00:12 ; elapsed = 00:00:12 . Memory (MB): peak = 3194.789 ; gain = 46.754 ; free physical = 1389 ; free virtual = 5436
---------------------------------------------------------------------------------
---------------------------------------------------------------------------------
Start Applying 'set_property' XDC Constraints
---------------------------------------------------------------------------------
Applied set_property KEEP_HIERARCHY = SOFT for U0. (constraint file  /home/parallels/A7T100_Vivado/A7T100_Vivado.runs/Ece253_BlockDesign_microblaze_0_axi_intc_0_synth_1/dont_touch.xdc, line 9).
---------------------------------------------------------------------------------
Finished applying 'set_property' XDC Constraints : Time (s): cpu = 00:00:12 ; elapsed = 00:00:12 . Memory (MB): peak = 3194.848 ; gain = 46.812 ; free physical = 1389 ; free virtual = 5436
---------------------------------------------------------------------------------
INFO: [Synth 8-802] inferred FSM for state register 'IRQ_LEVEL_GEN.IRQ_LEVEL_FAST_ON_AXI_CLK_GEN.current_state_reg' in module 'intc_core'
INFO: [Synth 8-802] inferred FSM for state register 'state_reg' in module 'slave_attachment'
---------------------------------------------------------------------------------------------------
                   State |                     New Encoding |                Previous Encoding 
---------------------------------------------------------------------------------------------------
                    idle |                               00 |                               00
           gen_level_irq |                               01 |                               01
                wait_ack |                               10 |                               10
---------------------------------------------------------------------------------------------------
INFO: [Synth 8-3354] encoded FSM with state register 'IRQ_LEVEL_GEN.IRQ_LEVEL_FAST_ON_AXI_CLK_GEN.current_state_reg' using encoding 'sequential' in module 'intc_core'
---------------------------------------------------------------------------------------------------
                   State |                     New Encoding |                Previous Encoding 
---------------------------------------------------------------------------------------------------
                 iSTATE2 |                             0001 |                               00
                  iSTATE |                             0010 |                               01
                 iSTATE0 |                             0100 |                               10
                 iSTATE1 |                             1000 |                               11
---------------------------------------------------------------------------------------------------
INFO: [Synth 8-3354] encoded FSM with state register 'state_reg' using encoding 'one-hot' in module 'slave_attachment'
---------------------------------------------------------------------------------
Finished RTL Optimization Phase 2 : Time (s): cpu = 00:00:12 ; elapsed = 00:00:13 . Memory (MB): peak = 3196.168 ; gain = 48.133 ; free physical = 1382 ; free virtual = 5430
---------------------------------------------------------------------------------
---------------------------------------------------------------------------------
Start RTL Component Statistics 
---------------------------------------------------------------------------------
Detailed RTL Component Info : 
+---Adders : 
	   2 Input    4 Bit       Adders := 1     
+---Registers : 
	               32 Bit    Registers := 4     
	                9 Bit    Registers := 1     
	                4 Bit    Registers := 1     
	                3 Bit    Registers := 2     
	                2 Bit    Registers := 4     
	                1 Bit    Registers := 76    
+---Muxes : 
	   2 Input   32 Bit        Muxes := 3     
	   2 Input   29 Bit        Muxes := 1     
	   2 Input    9 Bit        Muxes := 1     
	   2 Input    4 Bit        Muxes := 7     
	   4 Input    4 Bit        Muxes := 1     
	   2 Input    3 Bit        Muxes := 2     
	   3 Input    3 Bit        Muxes := 3     
	   3 Input    2 Bit        Muxes := 3     
	   2 Input    2 Bit        Muxes := 8     
	   4 Input    2 Bit        Muxes := 1     
	   2 Input    1 Bit        Muxes := 37    
	   4 Input    1 Bit        Muxes := 3     
---------------------------------------------------------------------------------
Finished RTL Component Statistics 
---------------------------------------------------------------------------------
---------------------------------------------------------------------------------
Start Part Resource Summary
---------------------------------------------------------------------------------
Part Resources:
DSPs: 240 (col length:80)
BRAMs: 270 (col length: RAMB18 80 RAMB36 40)
---------------------------------------------------------------------------------
Finished Part Resource Summary
---------------------------------------------------------------------------------
---------------------------------------------------------------------------------
Start Cross Boundary and Area Optimization
---------------------------------------------------------------------------------
WARNING: [Synth 8-7080] Parallel synthesis criteria is not met
WARNING: [Synth 8-7129] Port processor_clk in module axi_intc is either unconnected or has no load
WARNING: [Synth 8-7129] Port processor_rst in module axi_intc is either unconnected or has no load
WARNING: [Synth 8-7129] Port irq_in in module axi_intc is either unconnected or has no load
WARNING: [Synth 8-7129] Port interrupt_address_in[31] in module axi_intc is either unconnected or has no load
WARNING: [Synth 8-7129] Port interrupt_address_in[30] in module axi_intc is either unconnected or has no load
WARNING: [Synth 8-7129] Port interrupt_address_in[29] in module axi_intc is either unconnected or has no load
WARNING: [Synth 8-7129] Port interrupt_address_in[28] in module axi_intc is either unconnected or has no load
WARNING: [Synth 8-7129] Port interrupt_address_in[27] in module axi_intc is either unconnected or has no load
WARNING: [Synth 8-7129] Port interrupt_address_in[26] in module axi_intc is either unconnected or has no load
WARNING: [Synth 8-7129] Port interrupt_address_in[25] in module axi_intc is either unconnected or has no load
WARNING: [Synth 8-7129] Port interrupt_address_in[24] in module axi_intc is either unconnected or has no load
WARNING: [Synth 8-7129] Port interrupt_address_in[23] in module axi_intc is either unconnected or has no load
WARNING: [Synth 8-7129] Port interrupt_address_in[22] in module axi_intc is either unconnected or has no load
WARNING: [Synth 8-7129] Port interrupt_address_in[21] in module axi_intc is either unconnected or has no load
WARNING: [Synth 8-7129] Port interrupt_address_in[20] in module axi_intc is either unconnected or has no load
WARNING: [Synth 8-7129] Port interrupt_address_in[19] in module axi_intc is either unconnected or has no load
WARNING: [Synth 8-7129] Port interrupt_address_in[18] in module axi_intc is either unconnected or has no load
WARNING: [Synth 8-7129] Port interrupt_address_in[17] in module axi_intc is either unconnected or has no load
WARNING: [Synth 8-7129] Port interrupt_address_in[16] in module axi_intc is either unconnected or has no load
WARNING: [Synth 8-7129] Port interrupt_address_in[15] in module axi_intc is either unconnected or has no load
WARNING: [Synth 8-7129] Port interrupt_address_in[14] in module axi_intc is either unconnected or has no load
INFO: [Common 17-14] Message 'Synth 8-7129' appears 100 times and further instances of the messages will be disabled. Use the Tcl command set_msg_config to change the current settings.
---------------------------------------------------------------------------------
Finished Cross Boundary and Area Optimization : Time (s): cpu = 00:00:13 ; elapsed = 00:00:14 . Memory (MB): peak = 3197.820 ; gain = 49.785 ; free physical = 1369 ; free virtual = 5421
---------------------------------------------------------------------------------
---------------------------------------------------------------------------------
Start ROM, RAM, DSP, Shift Register and Retiming Reporting
---------------------------------------------------------------------------------

Distributed RAM: Preliminary Mapping Report (see note below)
+------------+-----------------------------------------------------------------------------------------+----------------+----------------------+----------------+
|Module Name | RTL Object                                                                              | Inference      | Size (Depth x Width) | Primitives     | 
+------------+-----------------------------------------------------------------------------------------+----------------+----------------------+----------------+
|U0          | INTC_CORE_I/IVAR_FAST_MODE_GEN.IVAR_REG_MEM_AXI_CLK_GEN.IVAR_REG_MEM_I/ram_i[0].ram_reg | User Attribute | 16 x 32              | RAM16X1D x 32  | 
+------------+-----------------------------------------------------------------------------------------+----------------+----------------------+----------------+

Note: The table above is a preliminary report that shows the Distributed RAMs at the current stage of the synthesis flow. Some Distributed RAMs may be reimplemented as non Distributed RAM primitives later in the synthesis flow. Multiple instantiated RAMs are reported only once.
---------------------------------------------------------------------------------
Finished ROM, RAM, DSP, Shift Register and Retiming Reporting
---------------------------------------------------------------------------------
---------------------------------------------------------------------------------
Start Applying XDC Timing Constraints
---------------------------------------------------------------------------------
---------------------------------------------------------------------------------
Finished Applying XDC Timing Constraints : Time (s): cpu = 00:00:18 ; elapsed = 00:00:19 . Memory (MB): peak = 3235.914 ; gain = 87.879 ; free physical = 1071 ; free virtual = 5122
---------------------------------------------------------------------------------
---------------------------------------------------------------------------------
Start Timing Optimization
---------------------------------------------------------------------------------
---------------------------------------------------------------------------------
Finished Timing Optimization : Time (s): cpu = 00:00:19 ; elapsed = 00:00:20 . Memory (MB): peak = 3236.207 ; gain = 88.172 ; free physical = 1041 ; free virtual = 5092
---------------------------------------------------------------------------------
---------------------------------------------------------------------------------
Start Technology Mapping
---------------------------------------------------------------------------------
---------------------------------------------------------------------------------
Finished Technology Mapping : Time (s): cpu = 00:00:19 ; elapsed = 00:00:21 . Memory (MB): peak = 3236.410 ; gain = 88.375 ; free physical = 1041 ; free virtual = 5092
---------------------------------------------------------------------------------
---------------------------------------------------------------------------------
Start IO Insertion
---------------------------------------------------------------------------------
---------------------------------------------------------------------------------
Start Flattening Before IO Insertion
---------------------------------------------------------------------------------
---------------------------------------------------------------------------------
Finished Flattening Before IO Insertion
---------------------------------------------------------------------------------
---------------------------------------------------------------------------------
Start Final Netlist Cleanup
---------------------------------------------------------------------------------
---------------------------------------------------------------------------------
Finished Final Netlist Cleanup
---------------------------------------------------------------------------------
---------------------------------------------------------------------------------
Finished IO Insertion : Time (s): cpu = 00:00:22 ; elapsed = 00:00:23 . Memory (MB): peak = 3236.520 ; gain = 88.484 ; free physical = 1339 ; free virtual = 5393
---------------------------------------------------------------------------------
---------------------------------------------------------------------------------
Start Renaming Generated Instances
---------------------------------------------------------------------------------
---------------------------------------------------------------------------------
Finished Renaming Generated Instances : Time (s): cpu = 00:00:22 ; elapsed = 00:00:23 . Memory (MB): peak = 3236.539 ; gain = 88.504 ; free physical = 1339 ; free virtual = 5393
---------------------------------------------------------------------------------
---------------------------------------------------------------------------------
Start Rebuilding User Hierarchy
---------------------------------------------------------------------------------
---------------------------------------------------------------------------------
Finished Rebuilding User Hierarchy : Time (s): cpu = 00:00:22 ; elapsed = 00:00:23 . Memory (MB): peak = 3236.590 ; gain = 88.555 ; free physical = 1339 ; free virtual = 5391
---------------------------------------------------------------------------------
---------------------------------------------------------------------------------
Start Renaming Generated Ports
---------------------------------------------------------------------------------
---------------------------------------------------------------------------------
Finished Renaming Generated Ports : Time (s): cpu = 00:00:22 ; elapsed = 00:00:23 . Memory (MB): peak = 3236.598 ; gain = 88.562 ; free physical = 1337 ; free virtual = 5390
---------------------------------------------------------------------------------
---------------------------------------------------------------------------------
Start Handling Custom Attributes
---------------------------------------------------------------------------------
---------------------------------------------------------------------------------
Finished Handling Custom Attributes : Time (s): cpu = 00:00:22 ; elapsed = 00:00:23 . Memory (MB): peak = 3236.617 ; gain = 88.582 ; free physical = 1346 ; free virtual = 5398
---------------------------------------------------------------------------------
---------------------------------------------------------------------------------
Start Renaming Generated Nets
---------------------------------------------------------------------------------
---------------------------------------------------------------------------------
Finished Renaming Generated Nets : Time (s): cpu = 00:00:22 ; elapsed = 00:00:23 . Memory (MB): peak = 3236.621 ; gain = 88.586 ; free physical = 1346 ; free virtual = 5398
---------------------------------------------------------------------------------
---------------------------------------------------------------------------------
Start Writing Synthesis Report
---------------------------------------------------------------------------------

Report BlackBoxes: 
+-+--------------+----------+
| |BlackBox name |Instances |
+-+--------------+----------+
+-+--------------+----------+

Report Cell Usage: 
+------+---------+------+
|      |Cell     |Count |
+------+---------+------+
|1     |LUT1     |     2|
|2     |LUT2     |    24|
|3     |LUT3     |    22|
|4     |LUT4     |    34|
|5     |LUT5     |    32|
|6     |LUT6     |    66|
|7     |RAM16X1D |    32|
|8     |FDRE     |   200|
|9     |FDSE     |     2|
+------+---------+------+
---------------------------------------------------------------------------------
Finished Writing Synthesis Report : Time (s): cpu = 00:00:22 ; elapsed = 00:00:23 . Memory (MB): peak = 3236.652 ; gain = 88.617 ; free physical = 1346 ; free virtual = 5398
---------------------------------------------------------------------------------
Synthesis finished with 0 errors, 0 critical warnings and 36 warnings.
Synthesis Optimization Runtime : Time (s): cpu = 00:00:19 ; elapsed = 00:00:21 . Memory (MB): peak = 3236.684 ; gain = 58.102 ; free physical = 1382 ; free virtual = 5435
Synthesis Optimization Complete : Time (s): cpu = 00:00:22 ; elapsed = 00:00:23 . Memory (MB): peak = 3236.695 ; gain = 88.648 ; free physical = 1381 ; free virtual = 5434
INFO: [Project 1-571] Translating synthesized netlist
Netlist sorting complete. Time (s): cpu = 00:00:00.01 ; elapsed = 00:00:00 . Memory (MB): peak = 3236.867 ; gain = 0.000 ; free physical = 1599 ; free virtual = 5652
INFO: [Netlist 29-17] Analyzing 32 Unisim elements for replacement
INFO: [Netlist 29-28] Unisim Transformation completed in 0 CPU seconds
INFO: [Project 1-570] Preparing netlist for logic optimization
INFO: [Opt 31-138] Pushed 0 inverter(s) to 0 load pin(s).
Netlist sorting complete. Time (s): cpu = 00:00:00 ; elapsed = 00:00:00 . Memory (MB): peak = 3238.535 ; gain = 0.000 ; free physical = 1553 ; free virtual = 5600
INFO: [Project 1-111] Unisim Transformation Summary:
  A total of 32 instances were transformed.
  RAM16X1D => RAM32X1D (RAMD32(x2)): 32 instances

Synth Design complete, checksum: a1a345f5
INFO: [Common 17-83] Releasing license: Synthesis
81 Infos, 103 Warnings, 0 Critical Warnings and 0 Errors encountered.
synth_design completed successfully
synth_design: Time (s): cpu = 00:00:31 ; elapsed = 00:00:29 . Memory (MB): peak = 3238.609 ; gain = 118.129 ; free physical = 1761 ; free virtual = 5808
INFO: [Common 17-1381] The checkpoint '/home/parallels/A7T100_Vivado/A7T100_Vivado.runs/Ece253_BlockDesign_microblaze_0_axi_intc_0_synth_1/Ece253_BlockDesign_microblaze_0_axi_intc_0.dcp' has been generated.
INFO: [Coretcl 2-1648] Added synthesis output to IP cache for IP Ece253_BlockDesign_microblaze_0_axi_intc_0, cache-ID = 64be476936994c0a
INFO: [Coretcl 2-1174] Renamed 6 cell refs.
INFO: [Common 17-1381] The checkpoint '/home/parallels/A7T100_Vivado/A7T100_Vivado.runs/Ece253_BlockDesign_microblaze_0_axi_intc_0_synth_1/Ece253_BlockDesign_microblaze_0_axi_intc_0.dcp' has been generated.
INFO: [runtcl-4] Executing : report_utilization -file Ece253_BlockDesign_microblaze_0_axi_intc_0_utilization_synth.rpt -pb Ece253_BlockDesign_microblaze_0_axi_intc_0_utilization_synth.pb
INFO: [Common 17-206] Exiting Vivado at Sat Nov 16 01:03:24 2024...
